{"meta": {"format": 3, "version": "7.13.5", "timestamp": "2026-03-21T12:27:14.547917", "branch_coverage": false, "show_contexts": false}, "files": {"app\\__init__.py": {"executed_lines": [], "summary": {"covered_lines": 0, "num_statements": 0, "percent_covered": 100.0, "percent_covered_display": "100", "missing_lines": 0, "excluded_lines": 0, "percent_statements_covered": 100.0, "percent_statements_covered_display": "100"}, "missing_lines": [], "excluded_lines": [], "functions": {"": {"executed_lines": [], "summary": {"covered_lines": 0, "num_statements": 0, "percent_covered": 100.0, "percent_covered_display": "100", "missing_lines": 0, "excluded_lines": 0, "percent_statements_covered": 100.0, "percent_statements_covered_display": "100"}, "missing_lines": [], "excluded_lines": [], "start_line": 1}}, "classes": {"": {"executed_lines": [], "summary": {"covered_lines": 0, "num_statements": 0, "percent_covered": 100.0, "percent_covered_display": "100", "missing_lines": 0, "excluded_lines": 0, "percent_statements_covered": 100.0, "percent_statements_covered_display": "100"}, "missing_lines": [], "excluded_lines": [], "start_line": 1}}}, "app\\ai\\__init__.py": {"executed_lines": [], "summary": {"covered_lines": 0, "num_statements": 0, "percent_covered": 100.0, "percent_covered_display": "100", "missing_lines": 0, "excluded_lines": 0, "percent_statements_covered": 100.0, "percent_statements_covered_display": "100"}, "missing_lines": [], "excluded_lines": [], "functions": {"": {"executed_lines": [], "summary": {"covered_lines": 0, "num_statements": 0, "percent_covered": 100.0, "percent_covered_display": "100", "missing_lines": 0, "excluded_lines": 0, "percent_statements_covered": 100.0, "percent_statements_covered_display": "100"}, "missing_lines": [], "excluded_lines": [], "start_line": 1}}, "classes": {"": {"executed_lines": [], "summary": {"covered_lines": 0, "num_statements": 0, "percent_covered": 100.0, "percent_covered_display": "100", "missing_lines": 0, "excluded_lines": 0, "percent_statements_covered": 100.0, "percent_statements_covered_display": "100"}, "missing_lines": [], "excluded_lines": [], "start_line": 1}}}, "app\\ai\\audit_service.py": {"executed_lines": [3, 5, 6, 8, 9, 11, 14, 15, 16, 17, 18, 19, 22, 23, 24, 25, 26, 27, 28, 29, 30, 33, 34, 35, 36, 37, 38, 41, 42, 43, 46, 52, 59, 60, 61, 63, 73, 74, 76, 78], "summary": {"covered_lines": 40, "num_statements": 40, "percent_covered": 100.0, "percent_covered_display": "100", "missing_lines": 0, "excluded_lines": 0, "percent_statements_covered": 100.0, "percent_statements_covered_display": "100"}, "missing_lines": [], "excluded_lines": [], "functions": {"_classificar": {"executed_lines": [34, 35, 36, 37, 38], "summary": {"covered_lines": 5, "num_statements": 5, "percent_covered": 100.0, "percent_covered_display": "100", "missing_lines": 0, "excluded_lines": 0, "percent_statements_covered": 100.0, "percent_statements_covered_display": "100"}, "missing_lines": [], "excluded_lines": [], "start_line": 33}, "_confianca_por_score": {"executed_lines": [42, 43], "summary": {"covered_lines": 2, "num_statements": 2, "percent_covered": 100.0, "percent_covered_display": "100", "missing_lines": 0, "excluded_lines": 0, "percent_statements_covered": 100.0, "percent_statements_covered_display": "100"}, "missing_lines": [], "excluded_lines": [], "start_line": 41}, "auditar_nota_fiscal": {"executed_lines": [52, 59, 60, 61, 63, 73, 74, 76, 78], "summary": {"covered_lines": 9, "num_statements": 9, "percent_covered": 100.0, "percent_covered_display": "100", "missing_lines": 0, "excluded_lines": 0, "percent_statements_covered": 100.0, "percent_statements_covered_display": "100"}, "missing_lines": [], "excluded_lines": [], "start_line": 46}, "": {"executed_lines": [3, 5, 6, 8, 9, 11, 14, 15, 16, 17, 18, 19, 22, 23, 24, 25, 26, 27, 28, 29, 30, 33, 41, 46], "summary": {"covered_lines": 24, "num_statements": 24, "percent_covered": 100.0, "percent_covered_display": "100", "missing_lines": 0, "excluded_lines": 0, "percent_statements_covered": 100.0, "percent_statements_covered_display": "100"}, "missing_lines": [], "excluded_lines": [], "start_line": 1}}, "classes": {"FatorRisco": {"executed_lines": [], "summary": {"covered_lines": 0, "num_statements": 0, "percent_covered": 100.0, "percent_covered_display": "100", "missing_lines": 0, "excluded_lines": 0, "percent_statements_covered": 100.0, "percent_statements_covered_display": "100"}, "missing_lines": [], "excluded_lines": [], "start_line": 15}, "AuditClassification": {"executed_lines": [], "summary": {"covered_lines": 0, "num_statements": 0, "percent_covered": 100.0, "percent_covered_display": "100", "missing_lines": 0, "excluded_lines": 0, "percent_statements_covered": 100.0, "percent_statements_covered_display": "100"}, "missing_lines": [], "excluded_lines": [], "start_line": 23}, "": {"executed_lines": [3, 5, 6, 8, 9, 11, 14, 15, 16, 17, 18, 19, 22, 23, 24, 25, 26, 27, 28, 29, 30, 33, 34, 35, 36, 37, 38, 41, 42, 43, 46, 52, 59, 60, 61, 63, 73, 74, 76, 78], "summary": {"covered_lines": 40, "num_statements": 40, "percent_covered": 100.0, "percent_covered_display": "100", "missing_lines": 0, "excluded_lines": 0, "percent_statements_covered": 100.0, "percent_statements_covered_display": "100"}, "missing_lines": [], "excluded_lines": [], "start_line": 1}}}, "app\\ai\\duplicate_detector.py": {"executed_lines": [13, 15, 16, 17, 18, 19, 21, 22, 24, 28, 29, 30, 31, 36, 37, 40, 41, 42, 43, 46, 47, 50, 51, 52, 54, 55, 56, 58, 59, 60, 62, 63, 83, 91, 94, 95, 96, 97, 98, 99, 100, 101, 104, 107, 109, 115, 118, 119, 120, 122, 123, 124, 126, 128, 129, 134, 135, 139, 144, 146, 147, 148, 154, 155, 156, 161, 163, 165, 166, 172, 214, 220, 223, 225, 228, 230, 231, 232, 238, 240, 243, 245, 251, 266, 268, 271, 273, 274, 275, 276, 277, 283, 299, 300, 302, 304, 305, 372, 384, 390, 391, 392, 393, 395, 396, 397, 399, 400, 402, 403, 404, 405, 406, 407, 414, 421], "summary": {"covered_lines": 116, "num_statements": 185, "percent_covered": 62.7027027027027, "percent_covered_display": "63", "missing_lines": 69, "excluded_lines": 0, "percent_statements_covered": 62.7027027027027, "percent_statements_covered_display": "63"}, "missing_lines": [130, 131, 132, 133, 140, 141, 142, 157, 158, 159, 164, 167, 177, 179, 180, 185, 188, 190, 193, 194, 196, 198, 201, 202, 203, 206, 207, 208, 209, 210, 212, 216, 267, 313, 316, 317, 318, 320, 322, 323, 324, 325, 326, 328, 331, 332, 333, 334, 335, 336, 337, 339, 340, 346, 347, 350, 352, 353, 354, 355, 356, 357, 358, 365, 385, 426, 427, 428, 429], "excluded_lines": [], "functions": {"DuplicateCheckResult.tem_duplicata": {"executed_lines": [56], "summary": {"covered_lines": 1, "num_statements": 1, "percent_covered": 100.0, "percent_covered_display": "100", "missing_lines": 0, "excluded_lines": 0, "percent_statements_covered": 100.0, "percent_statements_covered_display": "100"}, "missing_lines": [], "excluded_lines": [], "start_line": 55}, "DuplicateCheckResult.tem_alerta": {"executed_lines": [60], "summary": {"covered_lines": 1, "num_statements": 1, "percent_covered": 100.0, "percent_covered_display": "100", "missing_lines": 0, "excluded_lines": 0, "percent_statements_covered": 100.0, "percent_statements_covered_display": "100"}, "missing_lines": [], "excluded_lines": [], "start_line": 59}, "DuplicateCheckResult.to_dict": {"executed_lines": [63], "summary": {"covered_lines": 1, "num_statements": 1, "percent_covered": 100.0, "percent_covered_display": "100", "missing_lines": 0, "excluded_lines": 0, "percent_statements_covered": 100.0, "percent_statements_covered_display": "100"}, "missing_lines": [], "excluded_lines": [], "start_line": 62}, "normalizar_descricao": {"executed_lines": [91, 94, 95, 96, 97, 98, 99, 100, 101, 104, 107, 109], "summary": {"covered_lines": 12, "num_statements": 12, "percent_covered": 100.0, "percent_covered_display": "100", "missing_lines": 0, "excluded_lines": 0, "percent_statements_covered": 100.0, "percent_statements_covered_display": "100"}, "missing_lines": [], "excluded_lines": [], "start_line": 83}, "_EmbeddingEngine.__init__": {"executed_lines": [119, 120], "summary": {"covered_lines": 2, "num_statements": 2, "percent_covered": 100.0, "percent_covered_display": "100", "missing_lines": 0, "excluded_lines": 0, "percent_statements_covered": 100.0, "percent_statements_covered_display": "100"}, "missing_lines": [], "excluded_lines": [], "start_line": 118}, "_EmbeddingEngine.method": {"executed_lines": [124], "summary": {"covered_lines": 1, "num_statements": 1, "percent_covered": 100.0, "percent_covered_display": "100", "missing_lines": 0, "excluded_lines": 0, "percent_statements_covered": 100.0, "percent_statements_covered_display": "100"}, "missing_lines": [], "excluded_lines": [], "start_line": 123}, "_EmbeddingEngine._load_transformer": {"executed_lines": [128, 129, 134, 135, 139], "summary": {"covered_lines": 5, "num_statements": 12, "percent_covered": 41.666666666666664, "percent_covered_display": "42", "missing_lines": 7, "excluded_lines": 0, "percent_statements_covered": 41.666666666666664, "percent_statements_covered_display": "42"}, "missing_lines": [130, 131, 132, 133, 140, 141, 142], "excluded_lines": [], "start_line": 126}, "_EmbeddingEngine._load_tfidf": {"executed_lines": [146, 147, 148, 154, 155, 156], "summary": {"covered_lines": 6, "num_statements": 9, "percent_covered": 66.66666666666667, "percent_covered_display": "67", "missing_lines": 3, "excluded_lines": 0, "percent_statements_covered": 66.66666666666667, "percent_statements_covered_display": "67"}, "missing_lines": [157, 158, 159], "excluded_lines": [], "start_line": 144}, "_EmbeddingEngine.ensure_loaded": {"executed_lines": [163, 165, 166], "summary": {"covered_lines": 3, "num_statements": 5, "percent_covered": 60.0, "percent_covered_display": "60", "missing_lines": 2, "excluded_lines": 0, "percent_statements_covered": 60.0, "percent_statements_covered_display": "60"}, "missing_lines": [164, 167], "excluded_lines": [], "start_line": 161}, "_EmbeddingEngine.encode": {"executed_lines": [], "summary": {"covered_lines": 0, "num_statements": 19, "percent_covered": 0.0, "percent_covered_display": "0", "missing_lines": 19, "excluded_lines": 0, "percent_statements_covered": 0.0, "percent_statements_covered_display": "0"}, "missing_lines": [177, 179, 180, 185, 188, 190, 193, 194, 196, 198, 201, 202, 203, 206, 207, 208, 209, 210, 212], "excluded_lines": [], "start_line": 172}, "_EmbeddingEngine.encode_single": {"executed_lines": [], "summary": {"covered_lines": 0, "num_statements": 1, "percent_covered": 0.0, "percent_covered_display": "0", "missing_lines": 1, "excluded_lines": 0, "percent_statements_covered": 0.0, "percent_statements_covered_display": "0"}, "missing_lines": [216], "excluded_lines": [], "start_line": 214}, "get_engine": {"executed_lines": [225], "summary": {"covered_lines": 1, "num_statements": 1, "percent_covered": 100.0, "percent_covered_display": "100", "missing_lines": 0, "excluded_lines": 0, "percent_statements_covered": 100.0, "percent_statements_covered_display": "100"}, "missing_lines": [], "excluded_lines": [], "start_line": 223}, "ensure_embedding_engine_available": {"executed_lines": [230, 231, 232], "summary": {"covered_lines": 3, "num_statements": 3, "percent_covered": 100.0, "percent_covered_display": "100", "missing_lines": 0, "excluded_lines": 0, "percent_statements_covered": 100.0, "percent_statements_covered_display": "100"}, "missing_lines": [], "excluded_lines": [], "start_line": 228}, "embedding_to_json": {"executed_lines": [240], "summary": {"covered_lines": 1, "num_statements": 1, "percent_covered": 100.0, "percent_covered_display": "100", "missing_lines": 0, "excluded_lines": 0, "percent_statements_covered": 100.0, "percent_statements_covered_display": "100"}, "missing_lines": [], "excluded_lines": [], "start_line": 238}, "embedding_from_json": {"executed_lines": [245], "summary": {"covered_lines": 1, "num_statements": 1, "percent_covered": 100.0, "percent_covered_display": "100", "missing_lines": 0, "excluded_lines": 0, "percent_statements_covered": 100.0, "percent_statements_covered_display": "100"}, "missing_lines": [], "excluded_lines": [], "start_line": 243}, "cosine_similarity_batch": {"executed_lines": [266, 268], "summary": {"covered_lines": 2, "num_statements": 3, "percent_covered": 66.66666666666667, "percent_covered_display": "67", "missing_lines": 1, "excluded_lines": 0, "percent_statements_covered": 66.66666666666667, "percent_statements_covered_display": "67"}, "missing_lines": [267], "excluded_lines": [], "start_line": 251}, "classificar_nivel": {"executed_lines": [273, 274, 275, 276, 277], "summary": {"covered_lines": 5, "num_statements": 5, "percent_covered": 100.0, "percent_covered_display": "100", "missing_lines": 0, "excluded_lines": 0, "percent_statements_covered": 100.0, "percent_statements_covered_display": "100"}, "missing_lines": [], "excluded_lines": [], "start_line": 271}, "verificar_duplicatas": {"executed_lines": [299, 300, 302, 304, 305], "summary": {"covered_lines": 5, "num_statements": 36, "percent_covered": 13.88888888888889, "percent_covered_display": "14", "missing_lines": 31, "excluded_lines": 0, "percent_statements_covered": 13.88888888888889, "percent_statements_covered_display": "14"}, "missing_lines": [313, 316, 317, 318, 320, 322, 323, 324, 325, 326, 328, 331, 332, 333, 334, 335, 336, 337, 339, 340, 346, 347, 350, 352, 353, 354, 355, 356, 357, 358, 365], "excluded_lines": [], "start_line": 283}, "_verificar_duplicatas_tfidf": {"executed_lines": [384, 390, 391, 392, 393, 395, 396, 397, 399, 400, 402, 403, 404, 405, 406, 407, 414], "summary": {"covered_lines": 17, "num_statements": 18, "percent_covered": 94.44444444444444, "percent_covered_display": "94", "missing_lines": 1, "excluded_lines": 0, "percent_statements_covered": 94.44444444444444, "percent_statements_covered_display": "94"}, "missing_lines": [385], "excluded_lines": [], "start_line": 372}, "gerar_embedding_produto": {"executed_lines": [], "summary": {"covered_lines": 0, "num_statements": 4, "percent_covered": 0.0, "percent_covered_display": "0", "missing_lines": 4, "excluded_lines": 0, "percent_statements_covered": 0.0, "percent_statements_covered_display": "0"}, "missing_lines": [426, 427, 428, 429], "excluded_lines": [], "start_line": 421}, "": {"executed_lines": [13, 15, 16, 17, 18, 19, 21, 22, 24, 28, 29, 30, 31, 36, 37, 40, 41, 42, 43, 46, 47, 50, 51, 52, 54, 55, 58, 59, 62, 83, 115, 118, 122, 123, 126, 144, 161, 172, 214, 220, 223, 228, 238, 243, 251, 271, 283, 372, 421], "summary": {"covered_lines": 49, "num_statements": 49, "percent_covered": 100.0, "percent_covered_display": "100", "missing_lines": 0, "excluded_lines": 0, "percent_statements_covered": 100.0, "percent_statements_covered_display": "100"}, "missing_lines": [], "excluded_lines": [], "start_line": 1}}, "classes": {"DuplicateCandidate": {"executed_lines": [], "summary": {"covered_lines": 0, "num_statements": 0, "percent_covered": 100.0, "percent_covered_display": "100", "missing_lines": 0, "excluded_lines": 0, "percent_statements_covered": 100.0, "percent_statements_covered_display": "100"}, "missing_lines": [], "excluded_lines": [], "start_line": 37}, "DuplicateCheckResult": {"executed_lines": [56, 60, 63], "summary": {"covered_lines": 3, "num_statements": 3, "percent_covered": 100.0, "percent_covered_display": "100", "missing_lines": 0, "excluded_lines": 0, "percent_statements_covered": 100.0, "percent_statements_covered_display": "100"}, "missing_lines": [], "excluded_lines": [], "start_line": 47}, "_EmbeddingEngine": {"executed_lines": [119, 120, 124, 128, 129, 134, 135, 139, 146, 147, 148, 154, 155, 156, 163, 165, 166], "summary": {"covered_lines": 17, "num_statements": 49, "percent_covered": 34.69387755102041, "percent_covered_display": "35", "missing_lines": 32, "excluded_lines": 0, "percent_statements_covered": 34.69387755102041, "percent_statements_covered_display": "35"}, "missing_lines": [130, 131, 132, 133, 140, 141, 142, 157, 158, 159, 164, 167, 177, 179, 180, 185, 188, 190, 193, 194, 196, 198, 201, 202, 203, 206, 207, 208, 209, 210, 212, 216], "excluded_lines": [], "start_line": 115}, "": {"executed_lines": [13, 15, 16, 17, 18, 19, 21, 22, 24, 28, 29, 30, 31, 36, 37, 40, 41, 42, 43, 46, 47, 50, 51, 52, 54, 55, 58, 59, 62, 83, 91, 94, 95, 96, 97, 98, 99, 100, 101, 104, 107, 109, 115, 118, 122, 123, 126, 144, 161, 172, 214, 220, 223, 225, 228, 230, 231, 232, 238, 240, 243, 245, 251, 266, 268, 271, 273, 274, 275, 276, 277, 283, 299, 300, 302, 304, 305, 372, 384, 390, 391, 392, 393, 395, 396, 397, 399, 400, 402, 403, 404, 405, 406, 407, 414, 421], "summary": {"covered_lines": 96, "num_statements": 133, "percent_covered": 72.18045112781955, "percent_covered_display": "72", "missing_lines": 37, "excluded_lines": 0, "percent_statements_covered": 72.18045112781955, "percent_statements_covered_display": "72"}, "missing_lines": [267, 313, 316, 317, 318, 320, 322, 323, 324, 325, 326, 328, 331, 332, 333, 334, 335, 336, 337, 339, 340, 346, 347, 350, 352, 353, 354, 355, 356, 357, 358, 365, 385, 426, 427, 428, 429], "excluded_lines": [], "start_line": 1}}}, "app\\api\\__init__.py": {"executed_lines": [], "summary": {"covered_lines": 0, "num_statements": 0, "percent_covered": 100.0, "percent_covered_display": "100", "missing_lines": 0, "excluded_lines": 0, "percent_statements_covered": 100.0, "percent_statements_covered_display": "100"}, "missing_lines": [], "excluded_lines": [], "functions": {"": {"executed_lines": [], "summary": {"covered_lines": 0, "num_statements": 0, "percent_covered": 100.0, "percent_covered_display": "100", "missing_lines": 0, "excluded_lines": 0, "percent_statements_covered": 100.0, "percent_statements_covered_display": "100"}, "missing_lines": [], "excluded_lines": [], "start_line": 1}}, "classes": {"": {"executed_lines": [], "summary": {"covered_lines": 0, "num_statements": 0, "percent_covered": 100.0, "percent_covered_display": "100", "missing_lines": 0, "excluded_lines": 0, "percent_statements_covered": 100.0, "percent_statements_covered_display": "100"}, "missing_lines": [], "excluded_lines": [], "start_line": 1}}}, "app\\api\\endpoints\\ncm.py": {"executed_lines": [1, 2, 3, 5, 6, 7, 9, 11, 12], "summary": {"covered_lines": 9, "num_statements": 12, "percent_covered": 75.0, "percent_covered_display": "75", "missing_lines": 3, "excluded_lines": 0, "percent_statements_covered": 75.0, "percent_statements_covered_display": "75"}, "missing_lines": [21, 22, 27], "excluded_lines": [], "functions": {"buscar_ncm": {"executed_lines": [], "summary": {"covered_lines": 0, "num_statements": 3, "percent_covered": 0.0, "percent_covered_display": "0", "missing_lines": 3, "excluded_lines": 0, "percent_statements_covered": 0.0, "percent_statements_covered_display": "0"}, "missing_lines": [21, 22, 27], "excluded_lines": [], "start_line": 12}, "": {"executed_lines": [1, 2, 3, 5, 6, 7, 9, 11, 12], "summary": {"covered_lines": 9, "num_statements": 9, "percent_covered": 100.0, "percent_covered_display": "100", "missing_lines": 0, "excluded_lines": 0, "percent_statements_covered": 100.0, "percent_statements_covered_display": "100"}, "missing_lines": [], "excluded_lines": [], "start_line": 1}}, "classes": {"": {"executed_lines": [1, 2, 3, 5, 6, 7, 9, 11, 12], "summary": {"covered_lines": 9, "num_statements": 12, "percent_covered": 75.0, "percent_covered_display": "75", "missing_lines": 3, "excluded_lines": 0, "percent_statements_covered": 75.0, "percent_statements_covered_display": "75"}, "missing_lines": [21, 22, 27], "excluded_lines": [], "start_line": 1}}}, "app\\api\\v1\\__init__.py": {"executed_lines": [], "summary": {"covered_lines": 0, "num_statements": 0, "percent_covered": 100.0, "percent_covered_display": "100", "missing_lines": 0, "excluded_lines": 0, "percent_statements_covered": 100.0, "percent_statements_covered_display": "100"}, "missing_lines": [], "excluded_lines": [], "functions": {"": {"executed_lines": [], "summary": {"covered_lines": 0, "num_statements": 0, "percent_covered": 100.0, "percent_covered_display": "100", "missing_lines": 0, "excluded_lines": 0, "percent_statements_covered": 100.0, "percent_statements_covered_display": "100"}, "missing_lines": [], "excluded_lines": [], "start_line": 1}}, "classes": {"": {"executed_lines": [], "summary": {"covered_lines": 0, "num_statements": 0, "percent_covered": 100.0, "percent_covered_display": "100", "missing_lines": 0, "excluded_lines": 0, "percent_statements_covered": 100.0, "percent_statements_covered_display": "100"}, "missing_lines": [], "excluded_lines": [], "start_line": 1}}}, "app\\api\\v1\\ai.py": {"executed_lines": [3, 4, 6, 7, 9, 10, 11, 12, 19, 21, 24, 25, 26, 36, 37, 38, 39, 47, 50, 51, 63, 64, 72, 73, 89, 92, 98, 99, 133, 134], "summary": {"covered_lines": 30, "num_statements": 56, "percent_covered": 53.57142857142857, "percent_covered_display": "54", "missing_lines": 26, "excluded_lines": 0, "percent_statements_covered": 53.57142857142857, "percent_statements_covered_display": "54"}, "missing_lines": [27, 28, 108, 110, 116, 144, 146, 148, 149, 151, 155, 156, 157, 158, 160, 161, 162, 163, 164, 165, 166, 167, 168, 169, 171, 173], "excluded_lines": [], "functions": {"_get_duplicate_detector_module": {"executed_lines": [25, 26, 36, 37, 38, 39, 47], "summary": {"covered_lines": 7, "num_statements": 9, "percent_covered": 77.77777777777777, "percent_covered_display": "78", "missing_lines": 2, "excluded_lines": 0, "percent_statements_covered": 77.77777777777777, "percent_statements_covered_display": "78"}, "missing_lines": [27, 28], "excluded_lines": [], "start_line": 24}, "check_duplicate": {"executed_lines": [63, 64, 72, 73, 89, 92, 98, 99], "summary": {"covered_lines": 8, "num_statements": 11, "percent_covered": 72.72727272727273, "percent_covered_display": "73", "missing_lines": 3, "excluded_lines": 0, "percent_statements_covered": 72.72727272727273, "percent_statements_covered_display": "73"}, "missing_lines": [108, 110, 116], "excluded_lines": [], "start_line": 51}, "generate_embeddings": {"executed_lines": [], "summary": {"covered_lines": 0, "num_statements": 21, "percent_covered": 0.0, "percent_covered_display": "0", "missing_lines": 21, "excluded_lines": 0, "percent_statements_covered": 0.0, "percent_statements_covered_display": "0"}, "missing_lines": [144, 146, 148, 149, 151, 155, 156, 157, 158, 160, 161, 162, 163, 164, 165, 166, 167, 168, 169, 171, 173], "excluded_lines": [], "start_line": 134}, "": {"executed_lines": [3, 4, 6, 7, 9, 10, 11, 12, 19, 21, 24, 50, 51, 133, 134], "summary": {"covered_lines": 15, "num_statements": 15, "percent_covered": 100.0, "percent_covered_display": "100", "missing_lines": 0, "excluded_lines": 0, "percent_statements_covered": 100.0, "percent_statements_covered_display": "100"}, "missing_lines": [], "excluded_lines": [], "start_line": 1}}, "classes": {"": {"executed_lines": [3, 4, 6, 7, 9, 10, 11, 12, 19, 21, 24, 25, 26, 36, 37, 38, 39, 47, 50, 51, 63, 64, 72, 73, 89, 92, 98, 99, 133, 134], "summary": {"covered_lines": 30, "num_statements": 56, "percent_covered": 53.57142857142857, "percent_covered_display": "54", "missing_lines": 26, "excluded_lines": 0, "percent_statements_covered": 53.57142857142857, "percent_statements_covered_display": "54"}, "missing_lines": [27, 28, 108, 110, 116, 144, 146, 148, 149, 151, 155, 156, 157, 158, 160, 161, 162, 163, 164, 165, 166, 167, 168, 169, 171, 173], "excluded_lines": [], "start_line": 1}}}, "app\\api\\v1\\caixa.py": {"executed_lines": [1, 2, 4, 6, 7, 8, 9, 10, 11, 12, 18, 20, 21, 24, 25, 26, 34, 35, 36, 40, 43, 44, 45, 54, 55, 56, 57, 66, 67, 68, 71, 72, 73, 80, 83, 84, 85, 94], "summary": {"covered_lines": 38, "num_statements": 38, "percent_covered": 100.0, "percent_covered_display": "100", "missing_lines": 0, "excluded_lines": 0, "percent_statements_covered": 100.0, "percent_statements_covered_display": "100"}, "missing_lines": [], "excluded_lines": [], "functions": {"abrir": {"executed_lines": [34, 35, 36, 40], "summary": {"covered_lines": 4, "num_statements": 4, "percent_covered": 100.0, "percent_covered_display": "100", "missing_lines": 0, "excluded_lines": 0, "percent_statements_covered": 100.0, "percent_statements_covered_display": "100"}, "missing_lines": [], "excluded_lines": [], "start_line": 26}, "fechar": {"executed_lines": [54, 55, 56, 57, 66, 67, 68], "summary": {"covered_lines": 7, "num_statements": 7, "percent_covered": 100.0, "percent_covered_display": "100", "missing_lines": 0, "excluded_lines": 0, "percent_statements_covered": 100.0, "percent_statements_covered_display": "100"}, "missing_lines": [], "excluded_lines": [], "start_line": 45}, "caixa_atual": {"executed_lines": [80], "summary": {"covered_lines": 1, "num_statements": 1, "percent_covered": 100.0, "percent_covered_display": "100", "missing_lines": 0, "excluded_lines": 0, "percent_statements_covered": 100.0, "percent_statements_covered_display": "100"}, "missing_lines": [], "excluded_lines": [], "start_line": 73}, "historico": {"executed_lines": [94], "summary": {"covered_lines": 1, "num_statements": 1, "percent_covered": 100.0, "percent_covered_display": "100", "missing_lines": 0, "excluded_lines": 0, "percent_statements_covered": 100.0, "percent_statements_covered_display": "100"}, "missing_lines": [], "excluded_lines": [], "start_line": 85}, "": {"executed_lines": [1, 2, 4, 6, 7, 8, 9, 10, 11, 12, 18, 20, 21, 24, 25, 26, 43, 44, 45, 71, 72, 73, 83, 84, 85], "summary": {"covered_lines": 25, "num_statements": 25, "percent_covered": 100.0, "percent_covered_display": "100", "missing_lines": 0, "excluded_lines": 0, "percent_statements_covered": 100.0, "percent_statements_covered_display": "100"}, "missing_lines": [], "excluded_lines": [], "start_line": 1}}, "classes": {"": {"executed_lines": [1, 2, 4, 6, 7, 8, 9, 10, 11, 12, 18, 20, 21, 24, 25, 26, 34, 35, 36, 40, 43, 44, 45, 54, 55, 56, 57, 66, 67, 68, 71, 72, 73, 80, 83, 84, 85, 94], "summary": {"covered_lines": 38, "num_statements": 38, "percent_covered": 100.0, "percent_covered_display": "100", "missing_lines": 0, "excluded_lines": 0, "percent_statements_covered": 100.0, "percent_statements_covered_display": "100"}, "missing_lines": [], "excluded_lines": [], "start_line": 1}}}, "app\\api\\v1\\categorias.py": {"executed_lines": [1, 2, 4, 5, 6, 7, 8, 9, 10, 11, 12, 14, 17, 18, 29, 30, 31, 32, 33, 35, 37, 40, 41, 42, 49, 50, 51, 54, 55, 56, 57, 58, 61, 62, 63, 79, 80, 81, 88, 89, 90, 91, 92, 95, 96, 97, 104, 105, 107, 110, 111, 112, 120, 121, 124, 125, 133, 134, 136, 137, 138, 141, 142, 143, 150, 151, 154, 155, 156], "summary": {"covered_lines": 69, "num_statements": 84, "percent_covered": 82.14285714285714, "percent_covered_display": "82", "missing_lines": 15, "excluded_lines": 0, "percent_statements_covered": 82.14285714285714, "percent_statements_covered_display": "82"}, "missing_lines": [52, 72, 73, 74, 75, 76, 106, 122, 126, 127, 128, 129, 130, 131, 152], "excluded_lines": [], "functions": {"_build_tree": {"executed_lines": [18, 29, 30, 31, 32, 33, 35, 37], "summary": {"covered_lines": 8, "num_statements": 8, "percent_covered": 100.0, "percent_covered_display": "100", "missing_lines": 0, "excluded_lines": 0, "percent_statements_covered": 100.0, "percent_statements_covered_display": "100"}, "missing_lines": [], "excluded_lines": [], "start_line": 17}, "criar_categoria": {"executed_lines": [49, 50, 51, 54, 55, 56, 57, 58], "summary": {"covered_lines": 8, "num_statements": 9, "percent_covered": 88.88888888888889, "percent_covered_display": "89", "missing_lines": 1, "excluded_lines": 0, "percent_statements_covered": 88.88888888888889, "percent_statements_covered_display": "89"}, "missing_lines": [52], "excluded_lines": [], "start_line": 42}, "listar_categorias": {"executed_lines": [], "summary": {"covered_lines": 0, "num_statements": 5, "percent_covered": 0.0, "percent_covered_display": "0", "missing_lines": 5, "excluded_lines": 0, "percent_statements_covered": 0.0, "percent_statements_covered_display": "0"}, "missing_lines": [72, 73, 74, 75, 76], "excluded_lines": [], "start_line": 63}, "listar_categorias_arvore": {"executed_lines": [88, 89, 90, 91, 92], "summary": {"covered_lines": 5, "num_statements": 5, "percent_covered": 100.0, "percent_covered_display": "100", "missing_lines": 0, "excluded_lines": 0, "percent_statements_covered": 100.0, "percent_statements_covered_display": "100"}, "missing_lines": [], "excluded_lines": [], "start_line": 81}, "buscar_categoria": {"executed_lines": [104, 105, 107], "summary": {"covered_lines": 3, "num_statements": 4, "percent_covered": 75.0, "percent_covered_display": "75", "missing_lines": 1, "excluded_lines": 0, "percent_statements_covered": 75.0, "percent_statements_covered_display": "75"}, "missing_lines": [106], "excluded_lines": [], "start_line": 97}, "atualizar_categoria": {"executed_lines": [120, 121, 124, 125, 133, 134, 136, 137, 138], "summary": {"covered_lines": 9, "num_statements": 16, "percent_covered": 56.25, "percent_covered_display": "56", "missing_lines": 7, "excluded_lines": 0, "percent_statements_covered": 56.25, "percent_statements_covered_display": "56"}, "missing_lines": [122, 126, 127, 128, 129, 130, 131], "excluded_lines": [], "start_line": 112}, "deletar_categoria": {"executed_lines": [150, 151, 154, 155, 156], "summary": {"covered_lines": 5, "num_statements": 6, "percent_covered": 83.33333333333333, "percent_covered_display": "83", "missing_lines": 1, "excluded_lines": 0, "percent_statements_covered": 83.33333333333333, "percent_statements_covered_display": "83"}, "missing_lines": [152], "excluded_lines": [], "start_line": 143}, "": {"executed_lines": [1, 2, 4, 5, 6, 7, 8, 9, 10, 11, 12, 14, 17, 40, 41, 42, 61, 62, 63, 79, 80, 81, 95, 96, 97, 110, 111, 112, 141, 142, 143], "summary": {"covered_lines": 31, "num_statements": 31, "percent_covered": 100.0, "percent_covered_display": "100", "missing_lines": 0, "excluded_lines": 0, "percent_statements_covered": 100.0, "percent_statements_covered_display": "100"}, "missing_lines": [], "excluded_lines": [], "start_line": 1}}, "classes": {"": {"executed_lines": [1, 2, 4, 5, 6, 7, 8, 9, 10, 11, 12, 14, 17, 18, 29, 30, 31, 32, 33, 35, 37, 40, 41, 42, 49, 50, 51, 54, 55, 56, 57, 58, 61, 62, 63, 79, 80, 81, 88, 89, 90, 91, 92, 95, 96, 97, 104, 105, 107, 110, 111, 112, 120, 121, 124, 125, 133, 134, 136, 137, 138, 141, 142, 143, 150, 151, 154, 155, 156], "summary": {"covered_lines": 69, "num_statements": 84, "percent_covered": 82.14285714285714, "percent_covered_display": "82", "missing_lines": 15, "excluded_lines": 0, "percent_statements_covered": 82.14285714285714, "percent_statements_covered_display": "82"}, "missing_lines": [52, 72, 73, 74, 75, 76, 106, 122, 126, 127, 128, 129, 130, 131, 152], "excluded_lines": [], "start_line": 1}}}, "app\\api\\v1\\clientes.py": {"executed_lines": [1, 2, 3, 4, 5, 7, 8, 9, 10, 11, 12, 13, 14, 16, 19, 20, 21, 22, 23, 27, 32, 33, 34, 36, 37, 38, 47, 48, 49, 50, 57, 59, 60, 61, 68, 69, 71, 74, 75, 76, 83, 85, 90, 92, 108, 109, 110, 111, 114, 115, 116, 124, 125, 128, 129, 130, 131, 132, 133, 134, 135, 136, 138, 139, 140, 141, 142, 143, 149, 150, 153, 154, 155], "summary": {"covered_lines": 73, "num_statements": 84, "percent_covered": 86.9047619047619, "percent_covered_display": "87", "missing_lines": 11, "excluded_lines": 0, "percent_statements_covered": 86.9047619047619, "percent_statements_covered_display": "87"}, "missing_lines": [24, 29, 70, 86, 87, 88, 126, 144, 145, 147, 151], "excluded_lines": [], "functions": {"_prepend_historico": {"executed_lines": [20, 21, 22, 23], "summary": {"covered_lines": 4, "num_statements": 5, "percent_covered": 80.0, "percent_covered_display": "80", "missing_lines": 1, "excluded_lines": 0, "percent_statements_covered": 80.0, "percent_statements_covered_display": "80"}, "missing_lines": [24], "excluded_lines": [], "start_line": 19}, "_append_autorizacao": {"executed_lines": [], "summary": {"covered_lines": 0, "num_statements": 1, "percent_covered": 0.0, "percent_covered_display": "0", "missing_lines": 1, "excluded_lines": 0, "percent_statements_covered": 0.0, "percent_statements_covered_display": "0"}, "missing_lines": [29], "excluded_lines": [], "start_line": 27}, "_next_codigo_legado": {"executed_lines": [33, 34], "summary": {"covered_lines": 2, "num_statements": 2, "percent_covered": 100.0, "percent_covered_display": "100", "missing_lines": 0, "excluded_lines": 0, "percent_statements_covered": 100.0, "percent_statements_covered_display": "100"}, "missing_lines": [], "excluded_lines": [], "start_line": 32}, "get_clientes": {"executed_lines": [47, 48, 49, 50, 57], "summary": {"covered_lines": 5, "num_statements": 5, "percent_covered": 100.0, "percent_covered_display": "100", "missing_lines": 0, "excluded_lines": 0, "percent_statements_covered": 100.0, "percent_statements_covered_display": "100"}, "missing_lines": [], "excluded_lines": [], "start_line": 38}, "get_cliente": {"executed_lines": [68, 69, 71], "summary": {"covered_lines": 3, "num_statements": 4, "percent_covered": 75.0, "percent_covered_display": "75", "missing_lines": 1, "excluded_lines": 0, "percent_statements_covered": 75.0, "percent_statements_covered_display": "75"}, "missing_lines": [70], "excluded_lines": [], "start_line": 61}, "create_cliente": {"executed_lines": [83, 85, 90, 92, 108, 109, 110, 111], "summary": {"covered_lines": 8, "num_statements": 11, "percent_covered": 72.72727272727273, "percent_covered_display": "73", "missing_lines": 3, "excluded_lines": 0, "percent_statements_covered": 72.72727272727273, "percent_statements_covered_display": "73"}, "missing_lines": [86, 87, 88], "excluded_lines": [], "start_line": 76}, "update_cliente": {"executed_lines": [124, 125, 128, 129, 130, 131, 132, 133, 134, 135, 136, 138, 139, 140, 141, 142, 143, 149, 150, 153, 154, 155], "summary": {"covered_lines": 22, "num_statements": 27, "percent_covered": 81.48148148148148, "percent_covered_display": "81", "missing_lines": 5, "excluded_lines": 0, "percent_statements_covered": 81.48148148148148, "percent_statements_covered_display": "81"}, "missing_lines": [126, 144, 145, 147, 151], "excluded_lines": [], "start_line": 116}, "": {"executed_lines": [1, 2, 3, 4, 5, 7, 8, 9, 10, 11, 12, 13, 14, 16, 19, 27, 32, 36, 37, 38, 59, 60, 61, 74, 75, 76, 114, 115, 116], "summary": {"covered_lines": 29, "num_statements": 29, "percent_covered": 100.0, "percent_covered_display": "100", "missing_lines": 0, "excluded_lines": 0, "percent_statements_covered": 100.0, "percent_statements_covered_display": "100"}, "missing_lines": [], "excluded_lines": [], "start_line": 1}}, "classes": {"": {"executed_lines": [1, 2, 3, 4, 5, 7, 8, 9, 10, 11, 12, 13, 14, 16, 19, 20, 21, 22, 23, 27, 32, 33, 34, 36, 37, 38, 47, 48, 49, 50, 57, 59, 60, 61, 68, 69, 71, 74, 75, 76, 83, 85, 90, 92, 108, 109, 110, 111, 114, 115, 116, 124, 125, 128, 129, 130, 131, 132, 133, 134, 135, 136, 138, 139, 140, 141, 142, 143, 149, 150, 153, 154, 155], "summary": {"covered_lines": 73, "num_statements": 84, "percent_covered": 86.9047619047619, "percent_covered_display": "87", "missing_lines": 11, "excluded_lines": 0, "percent_statements_covered": 86.9047619047619, "percent_statements_covered_display": "87"}, "missing_lines": [24, 29, 70, 86, 87, 88, 126, 144, 145, 147, 151], "excluded_lines": [], "start_line": 1}}}, "app\\api\\v1\\configuracoes.py": {"executed_lines": [1, 2, 4, 5, 6, 7, 8, 10, 13, 14, 18, 19, 22, 23, 28, 29, 30, 31, 33, 34, 35, 36], "summary": {"covered_lines": 22, "num_statements": 22, "percent_covered": 100.0, "percent_covered_display": "100", "missing_lines": 0, "excluded_lines": 0, "percent_statements_covered": 100.0, "percent_statements_covered_display": "100"}, "missing_lines": [], "excluded_lines": [], "functions": {"buscar_configuracao_loja": {"executed_lines": [18, 19], "summary": {"covered_lines": 2, "num_statements": 2, "percent_covered": 100.0, "percent_covered_display": "100", "missing_lines": 0, "excluded_lines": 0, "percent_statements_covered": 100.0, "percent_statements_covered_display": "100"}, "missing_lines": [], "excluded_lines": [], "start_line": 14}, "atualizar_configuracao_loja": {"executed_lines": [28, 29, 30, 31, 33, 34, 35, 36], "summary": {"covered_lines": 8, "num_statements": 8, "percent_covered": 100.0, "percent_covered_display": "100", "missing_lines": 0, "excluded_lines": 0, "percent_statements_covered": 100.0, "percent_statements_covered_display": "100"}, "missing_lines": [], "excluded_lines": [], "start_line": 23}, "": {"executed_lines": [1, 2, 4, 5, 6, 7, 8, 10, 13, 14, 22, 23], "summary": {"covered_lines": 12, "num_statements": 12, "percent_covered": 100.0, "percent_covered_display": "100", "missing_lines": 0, "excluded_lines": 0, "percent_statements_covered": 100.0, "percent_statements_covered_display": "100"}, "missing_lines": [], "excluded_lines": [], "start_line": 1}}, "classes": {"": {"executed_lines": [1, 2, 4, 5, 6, 7, 8, 10, 13, 14, 18, 19, 22, 23, 28, 29, 30, 31, 33, 34, 35, 36], "summary": {"covered_lines": 22, "num_statements": 22, "percent_covered": 100.0, "percent_covered_display": "100", "missing_lines": 0, "excluded_lines": 0, "percent_statements_covered": 100.0, "percent_statements_covered_display": "100"}, "missing_lines": [], "excluded_lines": [], "start_line": 1}}}, "app\\api\\v1\\contas_receber.py": {"executed_lines": [1, 2, 4, 5, 6, 8, 9, 10, 11, 12, 13, 14, 15, 17, 20, 21, 25, 26, 30, 32, 37, 42, 48, 54, 55, 64, 66, 67, 69, 72, 79, 80, 83, 84, 90, 91, 94, 95], "summary": {"covered_lines": 38, "num_statements": 51, "percent_covered": 74.50980392156863, "percent_covered_display": "75", "missing_lines": 13, "excluded_lines": 0, "percent_statements_covered": 74.50980392156863, "percent_statements_covered_display": "75"}, "missing_lines": [70, 73, 74, 92, 98, 99, 100, 101, 102, 103, 105, 106, 107], "excluded_lines": [], "functions": {"read_contas_receber_resumo": {"executed_lines": [25, 26, 30, 32, 37, 42, 48], "summary": {"covered_lines": 7, "num_statements": 7, "percent_covered": 100.0, "percent_covered_display": "100", "missing_lines": 0, "excluded_lines": 0, "percent_statements_covered": 100.0, "percent_statements_covered_display": "100"}, "missing_lines": [], "excluded_lines": [], "start_line": 21}, "read_contas_receber": {"executed_lines": [64, 66, 67, 69, 72, 79, 80], "summary": {"covered_lines": 7, "num_statements": 10, "percent_covered": 70.0, "percent_covered_display": "70", "missing_lines": 3, "excluded_lines": 0, "percent_statements_covered": 70.0, "percent_statements_covered_display": "70"}, "missing_lines": [70, 73, 74], "excluded_lines": [], "start_line": 55}, "baixar_conta": {"executed_lines": [90, 91, 94, 95], "summary": {"covered_lines": 4, "num_statements": 14, "percent_covered": 28.571428571428573, "percent_covered_display": "29", "missing_lines": 10, "excluded_lines": 0, "percent_statements_covered": 28.571428571428573, "percent_statements_covered_display": "29"}, "missing_lines": [92, 98, 99, 100, 101, 102, 103, 105, 106, 107], "excluded_lines": [], "start_line": 84}, "": {"executed_lines": [1, 2, 4, 5, 6, 8, 9, 10, 11, 12, 13, 14, 15, 17, 20, 21, 54, 55, 83, 84], "summary": {"covered_lines": 20, "num_statements": 20, "percent_covered": 100.0, "percent_covered_display": "100", "missing_lines": 0, "excluded_lines": 0, "percent_statements_covered": 100.0, "percent_statements_covered_display": "100"}, "missing_lines": [], "excluded_lines": [], "start_line": 1}}, "classes": {"": {"executed_lines": [1, 2, 4, 5, 6, 8, 9, 10, 11, 12, 13, 14, 15, 17, 20, 21, 25, 26, 30, 32, 37, 42, 48, 54, 55, 64, 66, 67, 69, 72, 79, 80, 83, 84, 90, 91, 94, 95], "summary": {"covered_lines": 38, "num_statements": 51, "percent_covered": 74.50980392156863, "percent_covered_display": "75", "missing_lines": 13, "excluded_lines": 0, "percent_statements_covered": 74.50980392156863, "percent_statements_covered_display": "75"}, "missing_lines": [70, 73, 74, 92, 98, 99, 100, 101, 102, 103, 105, 106, 107], "excluded_lines": [], "start_line": 1}}}, "app\\api\\v1\\estoque.py": {"executed_lines": [1, 2, 4, 5, 6, 7, 8, 9, 11, 13, 14, 26, 27, 34, 35, 46, 47, 66, 67], "summary": {"covered_lines": 19, "num_statements": 44, "percent_covered": 43.18181818181818, "percent_covered_display": "43", "missing_lines": 25, "excluded_lines": 0, "percent_statements_covered": 43.18181818181818, "percent_statements_covered_display": "43"}, "missing_lines": [20, 21, 22, 23, 24, 32, 41, 42, 43, 44, 54, 55, 56, 58, 59, 60, 62, 63, 64, 73, 74, 75, 76, 77, 78], "excluded_lines": [], "functions": {"criar_estoque": {"executed_lines": [], "summary": {"covered_lines": 0, "num_statements": 5, "percent_covered": 0.0, "percent_covered_display": "0", "missing_lines": 5, "excluded_lines": 0, "percent_statements_covered": 0.0, "percent_statements_covered_display": "0"}, "missing_lines": [20, 21, 22, 23, 24], "excluded_lines": [], "start_line": 14}, "listar_estoque": {"executed_lines": [], "summary": {"covered_lines": 0, "num_statements": 1, "percent_covered": 0.0, "percent_covered_display": "0", "missing_lines": 1, "excluded_lines": 0, "percent_statements_covered": 0.0, "percent_statements_covered_display": "0"}, "missing_lines": [32], "excluded_lines": [], "start_line": 27}, "obter_estoque": {"executed_lines": [], "summary": {"covered_lines": 0, "num_statements": 4, "percent_covered": 0.0, "percent_covered_display": "0", "missing_lines": 4, "excluded_lines": 0, "percent_statements_covered": 0.0, "percent_statements_covered_display": "0"}, "missing_lines": [41, 42, 43, 44], "excluded_lines": [], "start_line": 35}, "atualizar_estoque": {"executed_lines": [], "summary": {"covered_lines": 0, "num_statements": 9, "percent_covered": 0.0, "percent_covered_display": "0", "missing_lines": 9, "excluded_lines": 0, "percent_statements_covered": 0.0, "percent_statements_covered_display": "0"}, "missing_lines": [54, 55, 56, 58, 59, 60, 62, 63, 64], "excluded_lines": [], "start_line": 47}, "deletar_estoque": {"executed_lines": [], "summary": {"covered_lines": 0, "num_statements": 6, "percent_covered": 0.0, "percent_covered_display": "0", "missing_lines": 6, "excluded_lines": 0, "percent_statements_covered": 0.0, "percent_statements_covered_display": "0"}, "missing_lines": [73, 74, 75, 76, 77, 78], "excluded_lines": [], "start_line": 67}, "": {"executed_lines": [1, 2, 4, 5, 6, 7, 8, 9, 11, 13, 14, 26, 27, 34, 35, 46, 47, 66, 67], "summary": {"covered_lines": 19, "num_statements": 19, "percent_covered": 100.0, "percent_covered_display": "100", "missing_lines": 0, "excluded_lines": 0, "percent_statements_covered": 100.0, "percent_statements_covered_display": "100"}, "missing_lines": [], "excluded_lines": [], "start_line": 1}}, "classes": {"": {"executed_lines": [1, 2, 4, 5, 6, 7, 8, 9, 11, 13, 14, 26, 27, 34, 35, 46, 47, 66, 67], "summary": {"covered_lines": 19, "num_statements": 44, "percent_covered": 43.18181818181818, "percent_covered_display": "43", "missing_lines": 25, "excluded_lines": 0, "percent_statements_covered": 43.18181818181818, "percent_statements_covered_display": "43"}, "missing_lines": [20, 21, 22, 23, 24, 32, 41, 42, 43, 44, 54, 55, 56, 58, 59, 60, 62, 63, 64, 73, 74, 75, 76, 77, 78], "excluded_lines": [], "start_line": 1}}}, "app\\api\\v1\\estoque_v2.py": {"executed_lines": [1, 2, 3, 5, 6, 7, 9, 10, 11, 12, 13, 14, 15, 16, 17, 18, 19, 21, 22, 25, 26, 27, 38, 39, 40, 41, 43, 44, 47, 48, 57, 64, 65, 67, 71, 72, 73, 75, 86, 89, 90, 91, 99, 100, 101, 103, 108, 110, 120, 121, 122, 138, 148, 159, 160, 162, 164, 165, 166, 167, 169, 170, 172, 183, 184, 185, 186, 188, 197, 198, 199, 209, 210, 213, 217, 220, 221, 222, 269, 270, 271, 279, 280, 281, 282, 283, 286, 290, 291, 293, 295, 296, 298], "summary": {"covered_lines": 93, "num_statements": 101, "percent_covered": 92.07920792079207, "percent_covered_display": "92", "missing_lines": 8, "excluded_lines": 0, "percent_statements_covered": 92.07920792079207, "percent_statements_covered_display": "92"}, "missing_lines": [211, 232, 242, 255, 284, 299, 300, 301], "excluded_lines": [], "functions": {"criar_transacao_estoque": {"executed_lines": [38, 39, 40, 41, 43, 44, 47, 48, 57, 64, 65, 67, 71, 72, 73, 75, 86], "summary": {"covered_lines": 17, "num_statements": 17, "percent_covered": 100.0, "percent_covered_display": "100", "missing_lines": 0, "excluded_lines": 0, "percent_statements_covered": 100.0, "percent_statements_covered_display": "100"}, "missing_lines": [], "excluded_lines": [], "start_line": 27}, "obter_estoque_produto": {"executed_lines": [99, 100, 101, 103, 108, 110], "summary": {"covered_lines": 6, "num_statements": 6, "percent_covered": 100.0, "percent_covered_display": "100", "missing_lines": 0, "excluded_lines": 0, "percent_statements_covered": 100.0, "percent_statements_covered_display": "100"}, "missing_lines": [], "excluded_lines": [], "start_line": 91}, "listar_estoque_completo": {"executed_lines": [138, 148, 159, 160, 162, 164, 165, 166, 167, 169, 170, 172, 183, 184, 185, 186, 188], "summary": {"covered_lines": 17, "num_statements": 17, "percent_covered": 100.0, "percent_covered_display": "100", "missing_lines": 0, "excluded_lines": 0, "percent_statements_covered": 100.0, "percent_statements_covered_display": "100"}, "missing_lines": [], "excluded_lines": [], "start_line": 122}, "obter_historico_produto": {"executed_lines": [209, 210, 213, 217], "summary": {"covered_lines": 4, "num_statements": 5, "percent_covered": 80.0, "percent_covered_display": "80", "missing_lines": 1, "excluded_lines": 0, "percent_statements_covered": 80.0, "percent_statements_covered_display": "80"}, "missing_lines": [211], "excluded_lines": [], "start_line": 199}, "listar_alertas_estoque": {"executed_lines": [], "summary": {"covered_lines": 0, "num_statements": 3, "percent_covered": 0.0, "percent_covered_display": "0", "missing_lines": 3, "excluded_lines": 0, "percent_statements_covered": 0.0, "percent_statements_covered_display": "0"}, "missing_lines": [232, 242, 255], "excluded_lines": [], "start_line": 222}, "entrada_lote_produtos": {"executed_lines": [279, 280, 281, 282, 283, 286, 290, 291, 293, 295, 296, 298], "summary": {"covered_lines": 12, "num_statements": 16, "percent_covered": 75.0, "percent_covered_display": "75", "missing_lines": 4, "excluded_lines": 0, "percent_statements_covered": 75.0, "percent_statements_covered_display": "75"}, "missing_lines": [284, 299, 300, 301], "excluded_lines": [], "start_line": 271}, "": {"executed_lines": [1, 2, 3, 5, 6, 7, 9, 10, 11, 12, 13, 14, 15, 16, 17, 18, 19, 21, 22, 25, 26, 27, 89, 90, 91, 120, 121, 122, 197, 198, 199, 220, 221, 222, 269, 270, 271], "summary": {"covered_lines": 37, "num_statements": 37, "percent_covered": 100.0, "percent_covered_display": "100", "missing_lines": 0, "excluded_lines": 0, "percent_statements_covered": 100.0, "percent_statements_covered_display": "100"}, "missing_lines": [], "excluded_lines": [], "start_line": 1}}, "classes": {"": {"executed_lines": [1, 2, 3, 5, 6, 7, 9, 10, 11, 12, 13, 14, 15, 16, 17, 18, 19, 21, 22, 25, 26, 27, 38, 39, 40, 41, 43, 44, 47, 48, 57, 64, 65, 67, 71, 72, 73, 75, 86, 89, 90, 91, 99, 100, 101, 103, 108, 110, 120, 121, 122, 138, 148, 159, 160, 162, 164, 165, 166, 167, 169, 170, 172, 183, 184, 185, 186, 188, 197, 198, 199, 209, 210, 213, 217, 220, 221, 222, 269, 270, 271, 279, 280, 281, 282, 283, 286, 290, 291, 293, 295, 296, 298], "summary": {"covered_lines": 93, "num_statements": 101, "percent_covered": 92.07920792079207, "percent_covered_display": "92", "missing_lines": 8, "excluded_lines": 0, "percent_statements_covered": 92.07920792079207, "percent_statements_covered_display": "92"}, "missing_lines": [211, 232, 242, 255, 284, 299, 300, 301], "excluded_lines": [], "start_line": 1}}}, "app\\api\\v1\\fiscal_ai.py": {"executed_lines": [1, 3, 4, 5, 7, 8, 9, 10, 11, 12, 13, 14, 15, 16, 17, 18, 33, 34, 37, 40, 41, 42, 43, 45, 46, 52, 53, 59, 61, 62, 65, 66, 69, 78, 79, 81, 94, 95, 101, 103, 105, 106, 107, 108, 138, 141, 148, 165, 166, 171, 172, 173, 183, 192, 193, 194, 196, 197, 215, 223, 229, 230, 232, 236, 244, 256, 257, 263, 265, 266, 270, 271, 273, 274, 280, 281, 282, 283, 285, 293, 294, 303, 313, 314, 321, 323, 324, 329, 344, 348, 349, 354, 355, 356, 357, 360, 361, 362, 365, 378, 383, 386, 387, 388, 389, 391, 401, 402, 408, 419, 420, 421, 423, 426, 427, 432, 434, 444, 445, 446, 448, 449, 450, 452, 453, 454, 456, 457, 458, 459, 460, 462, 464], "summary": {"covered_lines": 133, "num_statements": 149, "percent_covered": 89.26174496644295, "percent_covered_display": "89", "missing_lines": 16, "excluded_lines": 0, "percent_statements_covered": 89.26174496644295, "percent_statements_covered_display": "89"}, "missing_lines": [44, 47, 48, 49, 63, 67, 110, 129, 139, 184, 231, 267, 286, 325, 345, 358], "excluded_lines": [], "functions": {"_nome_fornecedor_nota": {"executed_lines": [41, 42, 43, 45, 46], "summary": {"covered_lines": 5, "num_statements": 9, "percent_covered": 55.55555555555556, "percent_covered_display": "56", "missing_lines": 4, "excluded_lines": 0, "percent_statements_covered": 55.55555555555556, "percent_statements_covered_display": "56"}, "missing_lines": [44, 47, 48, 49], "excluded_lines": [], "start_line": 40}, "suggest_price": {"executed_lines": [59, 61, 62, 65, 66, 69, 78, 79, 81], "summary": {"covered_lines": 9, "num_statements": 11, "percent_covered": 81.81818181818181, "percent_covered_display": "82", "missing_lines": 2, "excluded_lines": 0, "percent_statements_covered": 81.81818181818181, "percent_statements_covered_display": "82"}, "missing_lines": [63, 67], "excluded_lines": [], "start_line": 53}, "validate_note": {"executed_lines": [101, 103, 105, 106, 107, 108, 138, 141, 148], "summary": {"covered_lines": 9, "num_statements": 12, "percent_covered": 75.0, "percent_covered_display": "75", "missing_lines": 3, "excluded_lines": 0, "percent_statements_covered": 75.0, "percent_statements_covered_display": "75"}, "missing_lines": [110, 129, 139], "excluded_lines": [], "start_line": 95}, "risk_dashboard": {"executed_lines": [171, 172, 173, 183, 192, 193, 194, 196, 197, 215, 223, 229, 230, 232, 236, 244], "summary": {"covered_lines": 16, "num_statements": 18, "percent_covered": 88.88888888888889, "percent_covered_display": "89", "missing_lines": 2, "excluded_lines": 0, "percent_statements_covered": 88.88888888888889, "percent_statements_covered_display": "89"}, "missing_lines": [184, 231], "excluded_lines": [], "start_line": 166}, "classify_ncm": {"executed_lines": [263, 265, 266, 270, 271, 273, 274, 280, 281, 282, 283, 285, 293, 294, 303], "summary": {"covered_lines": 15, "num_statements": 17, "percent_covered": 88.23529411764706, "percent_covered_display": "88", "missing_lines": 2, "excluded_lines": 0, "percent_statements_covered": 88.23529411764706, "percent_statements_covered_display": "88"}, "missing_lines": [267, 286], "excluded_lines": [], "start_line": 257}, "supplier_ranking": {"executed_lines": [321, 323, 324, 329, 344, 348, 349, 354, 355, 356, 357, 360, 361, 362, 365, 378, 383, 386, 387, 388, 389, 391], "summary": {"covered_lines": 22, "num_statements": 25, "percent_covered": 88.0, "percent_covered_display": "88", "missing_lines": 3, "excluded_lines": 0, "percent_statements_covered": 88.0, "percent_statements_covered_display": "88"}, "missing_lines": [325, 345, 358], "excluded_lines": [], "start_line": 314}, "registrar_feedback": {"executed_lines": [408, 419, 420, 421, 423], "summary": {"covered_lines": 5, "num_statements": 5, "percent_covered": 100.0, "percent_covered_display": "100", "missing_lines": 0, "excluded_lines": 0, "percent_statements_covered": 100.0, "percent_statements_covered_display": "100"}, "missing_lines": [], "excluded_lines": [], "start_line": 402}, "metricas_feedback": {"executed_lines": [432, 434, 444, 445, 446, 448, 449, 450, 452, 453, 454, 456, 457, 458, 459, 460, 462, 464], "summary": {"covered_lines": 18, "num_statements": 18, "percent_covered": 100.0, "percent_covered_display": "100", "missing_lines": 0, "excluded_lines": 0, "percent_statements_covered": 100.0, "percent_statements_covered_display": "100"}, "missing_lines": [], "excluded_lines": [], "start_line": 427}, "": {"executed_lines": [1, 3, 4, 5, 7, 8, 9, 10, 11, 12, 13, 14, 15, 16, 17, 18, 33, 34, 37, 40, 52, 53, 94, 95, 165, 166, 256, 257, 313, 314, 401, 402, 426, 427], "summary": {"covered_lines": 34, "num_statements": 34, "percent_covered": 100.0, "percent_covered_display": "100", "missing_lines": 0, "excluded_lines": 0, "percent_statements_covered": 100.0, "percent_statements_covered_display": "100"}, "missing_lines": [], "excluded_lines": [], "start_line": 1}}, "classes": {"": {"executed_lines": [1, 3, 4, 5, 7, 8, 9, 10, 11, 12, 13, 14, 15, 16, 17, 18, 33, 34, 37, 40, 41, 42, 43, 45, 46, 52, 53, 59, 61, 62, 65, 66, 69, 78, 79, 81, 94, 95, 101, 103, 105, 106, 107, 108, 138, 141, 148, 165, 166, 171, 172, 173, 183, 192, 193, 194, 196, 197, 215, 223, 229, 230, 232, 236, 244, 256, 257, 263, 265, 266, 270, 271, 273, 274, 280, 281, 282, 283, 285, 293, 294, 303, 313, 314, 321, 323, 324, 329, 344, 348, 349, 354, 355, 356, 357, 360, 361, 362, 365, 378, 383, 386, 387, 388, 389, 391, 401, 402, 408, 419, 420, 421, 423, 426, 427, 432, 434, 444, 445, 446, 448, 449, 450, 452, 453, 454, 456, 457, 458, 459, 460, 462, 464], "summary": {"covered_lines": 133, "num_statements": 149, "percent_covered": 89.26174496644295, "percent_covered_display": "89", "missing_lines": 16, "excluded_lines": 0, "percent_statements_covered": 89.26174496644295, "percent_statements_covered_display": "89"}, "missing_lines": [44, 47, 48, 49, 63, 67, 110, 129, 139, 184, 231, 267, 286, 325, 345, 358], "excluded_lines": [], "start_line": 1}}}, "app\\api\\v1\\fornecedores.py": {"executed_lines": [1, 2, 4, 5, 6, 8, 9, 10, 16, 17, 18, 19, 20, 22, 23, 26, 27, 28, 37, 39, 40, 41, 49, 52, 53, 54, 61, 62, 63, 64, 67, 68, 69, 76, 77, 78, 79, 81, 82, 83, 84, 86, 87, 90, 91, 92, 100, 101, 104, 106, 107, 113, 114, 116, 117, 118, 121, 122, 123, 130, 131, 134, 137, 138, 140, 141, 144, 145, 146, 153, 154, 157, 160, 161, 162, 163], "summary": {"covered_lines": 76, "num_statements": 85, "percent_covered": 89.41176470588235, "percent_covered_display": "89", "missing_lines": 9, "excluded_lines": 0, "percent_statements_covered": 89.41176470588235, "percent_statements_covered_display": "89"}, "missing_lines": [102, 108, 109, 110, 111, 132, 135, 155, 158], "excluded_lines": [], "functions": {"listar_fornecedores": {"executed_lines": [37, 39, 40, 41, 49], "summary": {"covered_lines": 5, "num_statements": 5, "percent_covered": 100.0, "percent_covered_display": "100", "missing_lines": 0, "excluded_lines": 0, "percent_statements_covered": 100.0, "percent_statements_covered_display": "100"}, "missing_lines": [], "excluded_lines": [], "start_line": 28}, "buscar_fornecedor": {"executed_lines": [61, 62, 63, 64], "summary": {"covered_lines": 4, "num_statements": 4, "percent_covered": 100.0, "percent_covered_display": "100", "missing_lines": 0, "excluded_lines": 0, "percent_statements_covered": 100.0, "percent_statements_covered_display": "100"}, "missing_lines": [], "excluded_lines": [], "start_line": 54}, "criar_fornecedor": {"executed_lines": [76, 77, 78, 79, 81, 82, 83, 84, 86, 87], "summary": {"covered_lines": 10, "num_statements": 10, "percent_covered": 100.0, "percent_covered_display": "100", "missing_lines": 0, "excluded_lines": 0, "percent_statements_covered": 100.0, "percent_statements_covered_display": "100"}, "missing_lines": [], "excluded_lines": [], "start_line": 69}, "atualizar_fornecedor": {"executed_lines": [100, 101, 104, 106, 107, 113, 114, 116, 117, 118], "summary": {"covered_lines": 10, "num_statements": 15, "percent_covered": 66.66666666666667, "percent_covered_display": "67", "missing_lines": 5, "excluded_lines": 0, "percent_statements_covered": 66.66666666666667, "percent_statements_covered_display": "67"}, "missing_lines": [102, 108, 109, 110, 111], "excluded_lines": [], "start_line": 92}, "remover_fornecedor": {"executed_lines": [130, 131, 134, 137, 138, 140, 141], "summary": {"covered_lines": 7, "num_statements": 9, "percent_covered": 77.77777777777777, "percent_covered_display": "78", "missing_lines": 2, "excluded_lines": 0, "percent_statements_covered": 77.77777777777777, "percent_statements_covered_display": "78"}, "missing_lines": [132, 135], "excluded_lines": [], "start_line": 123}, "reativar_fornecedor": {"executed_lines": [153, 154, 157, 160, 161, 162, 163], "summary": {"covered_lines": 7, "num_statements": 9, "percent_covered": 77.77777777777777, "percent_covered_display": "78", "missing_lines": 2, "excluded_lines": 0, "percent_statements_covered": 77.77777777777777, "percent_statements_covered_display": "78"}, "missing_lines": [155, 158], "excluded_lines": [], "start_line": 146}, "": {"executed_lines": [1, 2, 4, 5, 6, 8, 9, 10, 16, 17, 18, 19, 20, 22, 23, 26, 27, 28, 52, 53, 54, 67, 68, 69, 90, 91, 92, 121, 122, 123, 144, 145, 146], "summary": {"covered_lines": 33, "num_statements": 33, "percent_covered": 100.0, "percent_covered_display": "100", "missing_lines": 0, "excluded_lines": 0, "percent_statements_covered": 100.0, "percent_statements_covered_display": "100"}, "missing_lines": [], "excluded_lines": [], "start_line": 1}}, "classes": {"": {"executed_lines": [1, 2, 4, 5, 6, 8, 9, 10, 16, 17, 18, 19, 20, 22, 23, 26, 27, 28, 37, 39, 40, 41, 49, 52, 53, 54, 61, 62, 63, 64, 67, 68, 69, 76, 77, 78, 79, 81, 82, 83, 84, 86, 87, 90, 91, 92, 100, 101, 104, 106, 107, 113, 114, 116, 117, 118, 121, 122, 123, 130, 131, 134, 137, 138, 140, 141, 144, 145, 146, 153, 154, 157, 160, 161, 162, 163], "summary": {"covered_lines": 76, "num_statements": 85, "percent_covered": 89.41176470588235, "percent_covered_display": "89", "missing_lines": 9, "excluded_lines": 0, "percent_statements_covered": 89.41176470588235, "percent_statements_covered_display": "89"}, "missing_lines": [102, 108, 109, 110, 111, 132, 135, 155, 158], "excluded_lines": [], "start_line": 1}}}, "app\\api\\v1\\health_async.py": {"executed_lines": [1, 2, 3, 5, 7, 10, 11, 12], "summary": {"covered_lines": 8, "num_statements": 9, "percent_covered": 88.88888888888889, "percent_covered_display": "89", "missing_lines": 1, "excluded_lines": 0, "percent_statements_covered": 88.88888888888889, "percent_statements_covered_display": "89"}, "missing_lines": [13], "excluded_lines": [], "functions": {"health_async": {"executed_lines": [12], "summary": {"covered_lines": 1, "num_statements": 2, "percent_covered": 50.0, "percent_covered_display": "50", "missing_lines": 1, "excluded_lines": 0, "percent_statements_covered": 50.0, "percent_statements_covered_display": "50"}, "missing_lines": [13], "excluded_lines": [], "start_line": 11}, "": {"executed_lines": [1, 2, 3, 5, 7, 10, 11], "summary": {"covered_lines": 7, "num_statements": 7, "percent_covered": 100.0, "percent_covered_display": "100", "missing_lines": 0, "excluded_lines": 0, "percent_statements_covered": 100.0, "percent_statements_covered_display": "100"}, "missing_lines": [], "excluded_lines": [], "start_line": 1}}, "classes": {"": {"executed_lines": [1, 2, 3, 5, 7, 10, 11, 12], "summary": {"covered_lines": 8, "num_statements": 9, "percent_covered": 88.88888888888889, "percent_covered_display": "89", "missing_lines": 1, "excluded_lines": 0, "percent_statements_covered": 88.88888888888889, "percent_statements_covered_display": "89"}, "missing_lines": [13], "excluded_lines": [], "start_line": 1}}}, "app\\api\\v1\\movimentacao.py": {"executed_lines": [1, 2, 3, 5, 6, 7, 8, 9, 11, 13, 14, 15, 23], "summary": {"covered_lines": 13, "num_statements": 13, "percent_covered": 100.0, "percent_covered_display": "100", "missing_lines": 0, "excluded_lines": 0, "percent_statements_covered": 100.0, "percent_statements_covered_display": "100"}, "missing_lines": [], "excluded_lines": [], "functions": {"get_kardex_produto": {"executed_lines": [23], "summary": {"covered_lines": 1, "num_statements": 1, "percent_covered": 100.0, "percent_covered_display": "100", "missing_lines": 0, "excluded_lines": 0, "percent_statements_covered": 100.0, "percent_statements_covered_display": "100"}, "missing_lines": [], "excluded_lines": [], "start_line": 15}, "": {"executed_lines": [1, 2, 3, 5, 6, 7, 8, 9, 11, 13, 14, 15], "summary": {"covered_lines": 12, "num_statements": 12, "percent_covered": 100.0, "percent_covered_display": "100", "missing_lines": 0, "excluded_lines": 0, "percent_statements_covered": 100.0, "percent_statements_covered_display": "100"}, "missing_lines": [], "excluded_lines": [], "start_line": 1}}, "classes": {"": {"executed_lines": [1, 2, 3, 5, 6, 7, 8, 9, 11, 13, 14, 15, 23], "summary": {"covered_lines": 13, "num_statements": 13, "percent_covered": 100.0, "percent_covered_display": "100", "missing_lines": 0, "excluded_lines": 0, "percent_statements_covered": 100.0, "percent_statements_covered_display": "100"}, "missing_lines": [], "excluded_lines": [], "start_line": 1}}}, "app\\api\\v1\\notas_fiscais.py": {"executed_lines": [1, 2, 4, 5, 7, 8, 9, 10, 11, 12, 13, 15, 18, 19, 20, 31, 33, 36, 37, 39, 40, 42, 45, 46, 47, 54, 60, 61, 62], "summary": {"covered_lines": 29, "num_statements": 30, "percent_covered": 96.66666666666667, "percent_covered_display": "97", "missing_lines": 1, "excluded_lines": 0, "percent_statements_covered": 96.66666666666667, "percent_statements_covered_display": "97"}, "missing_lines": [34], "excluded_lines": [], "functions": {"listar_notas_fiscais": {"executed_lines": [31, 33, 36, 37, 39, 40, 42], "summary": {"covered_lines": 7, "num_statements": 8, "percent_covered": 87.5, "percent_covered_display": "88", "missing_lines": 1, "excluded_lines": 0, "percent_statements_covered": 87.5, "percent_statements_covered_display": "88"}, "missing_lines": [34], "excluded_lines": [], "start_line": 20}, "buscar_nota_fiscal": {"executed_lines": [54, 60, 61, 62], "summary": {"covered_lines": 4, "num_statements": 4, "percent_covered": 100.0, "percent_covered_display": "100", "missing_lines": 0, "excluded_lines": 0, "percent_statements_covered": 100.0, "percent_statements_covered_display": "100"}, "missing_lines": [], "excluded_lines": [], "start_line": 47}, "": {"executed_lines": [1, 2, 4, 5, 7, 8, 9, 10, 11, 12, 13, 15, 18, 19, 20, 45, 46, 47], "summary": {"covered_lines": 18, "num_statements": 18, "percent_covered": 100.0, "percent_covered_display": "100", "missing_lines": 0, "excluded_lines": 0, "percent_statements_covered": 100.0, "percent_statements_covered_display": "100"}, "missing_lines": [], "excluded_lines": [], "start_line": 1}}, "classes": {"": {"executed_lines": [1, 2, 4, 5, 7, 8, 9, 10, 11, 12, 13, 15, 18, 19, 20, 31, 33, 36, 37, 39, 40, 42, 45, 46, 47, 54, 60, 61, 62], "summary": {"covered_lines": 29, "num_statements": 30, "percent_covered": 96.66666666666667, "percent_covered_display": "97", "missing_lines": 1, "excluded_lines": 0, "percent_statements_covered": 96.66666666666667, "percent_statements_covered_display": "97"}, "missing_lines": [34], "excluded_lines": [], "start_line": 1}}}, "app\\api\\v1\\ocr.py": {"executed_lines": [11, 12, 13, 14, 15, 16, 18, 19, 20, 22, 23, 24, 25, 26, 27, 28, 30, 31, 33, 35, 37, 38, 41, 42, 43, 48, 49, 50, 51, 52, 55, 56, 59, 60, 63, 69, 70, 71, 73, 75, 76, 77, 79, 80, 81, 82, 83, 106, 107, 108, 115, 120, 129, 130, 131, 133, 134, 135, 136, 137, 140, 141, 144, 145, 157, 158, 159, 167, 168, 171, 172, 173, 175, 176, 184, 189, 190, 205, 207, 209, 210, 218, 219, 225, 226, 228, 229, 230, 231, 232, 235, 241, 243, 244, 245, 246, 247, 248, 249, 250, 253, 254, 260, 262, 273, 277, 287, 288, 289, 293, 318, 320, 322, 328, 329, 340, 346, 347, 354, 363, 369, 382, 388, 389], "summary": {"covered_lines": 124, "num_statements": 154, "percent_covered": 80.51948051948052, "percent_covered_display": "81", "missing_lines": 30, "excluded_lines": 0, "percent_statements_covered": 80.51948051948052, "percent_statements_covered_display": "81"}, "missing_lines": [72, 84, 85, 86, 87, 88, 89, 90, 91, 92, 93, 94, 95, 101, 102, 103, 104, 122, 123, 160, 161, 281, 282, 283, 284, 330, 331, 332, 373, 397], "excluded_lines": [], "functions": {"_cleanup_expired_tasks": {"executed_lines": [42, 43, 48, 49, 50, 51, 52], "summary": {"covered_lines": 7, "num_statements": 7, "percent_covered": 100.0, "percent_covered_display": "100", "missing_lines": 0, "excluded_lines": 0, "percent_statements_covered": 100.0, "percent_statements_covered_display": "100"}, "missing_lines": [], "excluded_lines": [], "start_line": 41}, "_task_expiration_timestamp": {"executed_lines": [56], "summary": {"covered_lines": 1, "num_statements": 1, "percent_covered": 100.0, "percent_covered_display": "100", "missing_lines": 0, "excluded_lines": 0, "percent_statements_covered": 100.0, "percent_statements_covered_display": "100"}, "missing_lines": [], "excluded_lines": [], "start_line": 55}, "_build_file_hash": {"executed_lines": [60], "summary": {"covered_lines": 1, "num_statements": 1, "percent_covered": 100.0, "percent_covered_display": "100", "missing_lines": 0, "excluded_lines": 0, "percent_statements_covered": 100.0, "percent_statements_covered_display": "100"}, "missing_lines": [], "excluded_lines": [], "start_line": 59}, "_auto_cadastrar_fornecedor": {"executed_lines": [69, 70, 71, 73, 75, 76, 77, 79, 80, 81, 82, 83, 106, 107, 108, 115], "summary": {"covered_lines": 16, "num_statements": 33, "percent_covered": 48.484848484848484, "percent_covered_display": "48", "missing_lines": 17, "excluded_lines": 0, "percent_statements_covered": 48.484848484848484, "percent_statements_covered_display": "48"}, "missing_lines": [72, 84, 85, 86, 87, 88, 89, 90, 91, 92, 93, 94, 95, 101, 102, 103, 104], "excluded_lines": [], "start_line": 63}, "_ensure_ocr_dependencies": {"executed_lines": [], "summary": {"covered_lines": 0, "num_statements": 2, "percent_covered": 0.0, "percent_covered_display": "0", "missing_lines": 2, "excluded_lines": 0, "percent_statements_covered": 0.0, "percent_statements_covered_display": "0"}, "missing_lines": [122, 123], "excluded_lines": [], "start_line": 120}, "_get_file_type": {"executed_lines": [130, 131, 133, 134, 135, 136, 137, 140, 141], "summary": {"covered_lines": 9, "num_statements": 9, "percent_covered": 100.0, "percent_covered_display": "100", "missing_lines": 0, "excluded_lines": 0, "percent_statements_covered": 100.0, "percent_statements_covered_display": "100"}, "missing_lines": [], "excluded_lines": [], "start_line": 129}, "get_ocr_status": {"executed_lines": [157, 158, 159, 167, 168, 171, 172, 173, 175, 176], "summary": {"covered_lines": 10, "num_statements": 12, "percent_covered": 83.33333333333333, "percent_covered_display": "83", "missing_lines": 2, "excluded_lines": 0, "percent_statements_covered": 83.33333333333333, "percent_statements_covered_display": "83"}, "missing_lines": [160, 161], "excluded_lines": [], "start_line": 145}, "upload_arquivo_nota_fiscal": {"executed_lines": [205, 207, 209, 210, 218, 219, 225, 226, 228, 229, 230, 231, 232, 235, 241, 243, 244, 245, 246, 247, 248, 249, 250, 253, 254, 260, 262, 273, 277, 287, 288, 289, 293, 318, 320, 322, 328, 329], "summary": {"covered_lines": 38, "num_statements": 45, "percent_covered": 84.44444444444444, "percent_covered_display": "84", "missing_lines": 7, "excluded_lines": 0, "percent_statements_covered": 84.44444444444444, "percent_statements_covered_display": "84"}, "missing_lines": [281, 282, 283, 284, 330, 331, 332], "excluded_lines": [], "start_line": 190}, "upload_ocr_async": {"executed_lines": [354], "summary": {"covered_lines": 1, "num_statements": 1, "percent_covered": 100.0, "percent_covered_display": "100", "missing_lines": 0, "excluded_lines": 0, "percent_statements_covered": 100.0, "percent_statements_covered_display": "100"}, "missing_lines": [], "excluded_lines": [], "start_line": 347}, "upload_ocr_sync": {"executed_lines": [], "summary": {"covered_lines": 0, "num_statements": 1, "percent_covered": 0.0, "percent_covered_display": "0", "missing_lines": 1, "excluded_lines": 0, "percent_statements_covered": 0.0, "percent_statements_covered_display": "0"}, "missing_lines": [373], "excluded_lines": [], "start_line": 369}, "processar_nota_fiscal_completa": {"executed_lines": [], "summary": {"covered_lines": 0, "num_statements": 1, "percent_covered": 0.0, "percent_covered_display": "0", "missing_lines": 1, "excluded_lines": 0, "percent_statements_covered": 0.0, "percent_statements_covered_display": "0"}, "missing_lines": [397], "excluded_lines": [], "start_line": 389}, "": {"executed_lines": [11, 12, 13, 14, 15, 16, 18, 19, 20, 22, 23, 24, 25, 26, 27, 28, 30, 31, 33, 35, 37, 38, 41, 55, 59, 63, 120, 129, 144, 145, 184, 189, 190, 340, 346, 347, 363, 369, 382, 388, 389], "summary": {"covered_lines": 41, "num_statements": 41, "percent_covered": 100.0, "percent_covered_display": "100", "missing_lines": 0, "excluded_lines": 0, "percent_statements_covered": 100.0, "percent_statements_covered_display": "100"}, "missing_lines": [], "excluded_lines": [], "start_line": 1}}, "classes": {"": {"executed_lines": [11, 12, 13, 14, 15, 16, 18, 19, 20, 22, 23, 24, 25, 26, 27, 28, 30, 31, 33, 35, 37, 38, 41, 42, 43, 48, 49, 50, 51, 52, 55, 56, 59, 60, 63, 69, 70, 71, 73, 75, 76, 77, 79, 80, 81, 82, 83, 106, 107, 108, 115, 120, 129, 130, 131, 133, 134, 135, 136, 137, 140, 141, 144, 145, 157, 158, 159, 167, 168, 171, 172, 173, 175, 176, 184, 189, 190, 205, 207, 209, 210, 218, 219, 225, 226, 228, 229, 230, 231, 232, 235, 241, 243, 244, 245, 246, 247, 248, 249, 250, 253, 254, 260, 262, 273, 277, 287, 288, 289, 293, 318, 320, 322, 328, 329, 340, 346, 347, 354, 363, 369, 382, 388, 389], "summary": {"covered_lines": 124, "num_statements": 154, "percent_covered": 80.51948051948052, "percent_covered_display": "81", "missing_lines": 30, "excluded_lines": 0, "percent_statements_covered": 80.51948051948052, "percent_statements_covered_display": "81"}, "missing_lines": [72, 84, 85, 86, 87, 88, 89, 90, 91, 92, 93, 94, 95, 101, 102, 103, 104, 122, 123, 160, 161, 281, 282, 283, 284, 330, 331, 332, 373, 397], "excluded_lines": [], "start_line": 1}}}, "app\\api\\v1\\orcamento.py": {"executed_lines": [1, 3, 4, 5, 6, 8, 9, 10, 17, 18, 19, 20, 21, 22, 23, 24, 25, 26, 27, 29, 30, 33, 34, 35, 38, 39, 42, 43, 44, 51, 52, 54, 62, 74, 75, 76, 78, 87, 90, 91, 92, 101, 102, 103, 105, 108, 109, 110, 117, 123, 124, 125, 128, 129, 130, 138, 144, 147, 148, 150, 151, 154, 155, 157, 158, 159, 173, 174, 175, 178, 179, 180, 187, 188, 191, 192, 193, 196, 197, 198, 206, 212, 213, 215, 217, 227, 228, 229, 237, 243, 246, 247, 249, 260, 261, 263, 272, 273, 274, 275, 277, 287], "summary": {"covered_lines": 102, "num_statements": 106, "percent_covered": 96.22641509433963, "percent_covered_display": "96", "missing_lines": 4, "excluded_lines": 0, "percent_statements_covered": 96.22641509433963, "percent_statements_covered_display": "96"}, "missing_lines": [145, 152, 189, 244], "excluded_lines": [], "functions": {"_calcular_preco_total_item": {"executed_lines": [39], "summary": {"covered_lines": 1, "num_statements": 1, "percent_covered": 100.0, "percent_covered_display": "100", "missing_lines": 0, "excluded_lines": 0, "percent_statements_covered": 100.0, "percent_statements_covered_display": "100"}, "missing_lines": [], "excluded_lines": [], "start_line": 38}, "criar_orcamento": {"executed_lines": [51, 52, 54, 62, 74, 75, 76, 78, 87], "summary": {"covered_lines": 9, "num_statements": 9, "percent_covered": 100.0, "percent_covered_display": "100", "missing_lines": 0, "excluded_lines": 0, "percent_statements_covered": 100.0, "percent_statements_covered_display": "100"}, "missing_lines": [], "excluded_lines": [], "start_line": 44}, "listar_orcamentos": {"executed_lines": [101, 102, 103, 105], "summary": {"covered_lines": 4, "num_statements": 4, "percent_covered": 100.0, "percent_covered_display": "100", "missing_lines": 0, "excluded_lines": 0, "percent_statements_covered": 100.0, "percent_statements_covered_display": "100"}, "missing_lines": [], "excluded_lines": [], "start_line": 92}, "buscar_orcamento": {"executed_lines": [117, 123, 124, 125], "summary": {"covered_lines": 4, "num_statements": 4, "percent_covered": 100.0, "percent_covered_display": "100", "missing_lines": 0, "excluded_lines": 0, "percent_statements_covered": 100.0, "percent_statements_covered_display": "100"}, "missing_lines": [], "excluded_lines": [], "start_line": 110}, "atualizar_orcamento": {"executed_lines": [138, 144, 147, 148, 150, 151, 154, 155, 157, 158, 159, 173, 174, 175], "summary": {"covered_lines": 14, "num_statements": 16, "percent_covered": 87.5, "percent_covered_display": "88", "missing_lines": 2, "excluded_lines": 0, "percent_statements_covered": 87.5, "percent_statements_covered_display": "88"}, "missing_lines": [145, 152], "excluded_lines": [], "start_line": 130}, "cancelar_orcamento": {"executed_lines": [187, 188, 191, 192, 193], "summary": {"covered_lines": 5, "num_statements": 6, "percent_covered": 83.33333333333333, "percent_covered_display": "83", "missing_lines": 1, "excluded_lines": 0, "percent_statements_covered": 83.33333333333333, "percent_statements_covered_display": "83"}, "missing_lines": [189], "excluded_lines": [], "start_line": 180}, "exportar_orcamento_pdf": {"executed_lines": [206, 212, 213, 215, 217], "summary": {"covered_lines": 5, "num_statements": 5, "percent_covered": 100.0, "percent_covered_display": "100", "missing_lines": 0, "excluded_lines": 0, "percent_statements_covered": 100.0, "percent_statements_covered_display": "100"}, "missing_lines": [], "excluded_lines": [], "start_line": 198}, "converter_orcamento_em_venda": {"executed_lines": [237, 243, 246, 247, 249, 260, 261, 263, 272, 273, 274, 275, 277, 287], "summary": {"covered_lines": 14, "num_statements": 15, "percent_covered": 93.33333333333333, "percent_covered_display": "93", "missing_lines": 1, "excluded_lines": 0, "percent_statements_covered": 93.33333333333333, "percent_statements_covered_display": "93"}, "missing_lines": [244], "excluded_lines": [], "start_line": 229}, "": {"executed_lines": [1, 3, 4, 5, 6, 8, 9, 10, 17, 18, 19, 20, 21, 22, 23, 24, 25, 26, 27, 29, 30, 33, 34, 35, 38, 42, 43, 44, 90, 91, 92, 108, 109, 110, 128, 129, 130, 178, 179, 180, 196, 197, 198, 227, 228, 229], "summary": {"covered_lines": 46, "num_statements": 46, "percent_covered": 100.0, "percent_covered_display": "100", "missing_lines": 0, "excluded_lines": 0, "percent_statements_covered": 100.0, "percent_statements_covered_display": "100"}, "missing_lines": [], "excluded_lines": [], "start_line": 1}}, "classes": {"ConverterOrcamentoRequest": {"executed_lines": [], "summary": {"covered_lines": 0, "num_statements": 0, "percent_covered": 100.0, "percent_covered_display": "100", "missing_lines": 0, "excluded_lines": 0, "percent_statements_covered": 100.0, "percent_statements_covered_display": "100"}, "missing_lines": [], "excluded_lines": [], "start_line": 33}, "": {"executed_lines": [1, 3, 4, 5, 6, 8, 9, 10, 17, 18, 19, 20, 21, 22, 23, 24, 25, 26, 27, 29, 30, 33, 34, 35, 38, 39, 42, 43, 44, 51, 52, 54, 62, 74, 75, 76, 78, 87, 90, 91, 92, 101, 102, 103, 105, 108, 109, 110, 117, 123, 124, 125, 128, 129, 130, 138, 144, 147, 148, 150, 151, 154, 155, 157, 158, 159, 173, 174, 175, 178, 179, 180, 187, 188, 191, 192, 193, 196, 197, 198, 206, 212, 213, 215, 217, 227, 228, 229, 237, 243, 246, 247, 249, 260, 261, 263, 272, 273, 274, 275, 277, 287], "summary": {"covered_lines": 102, "num_statements": 106, "percent_covered": 96.22641509433963, "percent_covered_display": "96", "missing_lines": 4, "excluded_lines": 0, "percent_statements_covered": 96.22641509433963, "percent_statements_covered_display": "96"}, "missing_lines": [145, 152, 189, 244], "excluded_lines": [], "start_line": 1}}}, "app\\api\\v1\\pdv.py": {"executed_lines": [1, 3, 4, 5, 7, 8, 9, 10, 11, 12, 13, 14, 15, 16, 22, 23, 25, 26, 29, 30, 31, 39, 40, 46, 47, 48, 55, 56, 57, 67, 70, 71, 72, 79, 80, 82, 85, 86, 87, 94, 100, 103, 104, 105, 112, 113, 114, 121, 122, 123, 124, 126, 129, 131, 132, 142, 143, 148, 155], "summary": {"covered_lines": 59, "num_statements": 66, "percent_covered": 89.39393939393939, "percent_covered_display": "89", "missing_lines": 7, "excluded_lines": 0, "percent_statements_covered": 89.39393939393939, "percent_statements_covered_display": "89"}, "missing_lines": [81, 101, 125, 127, 144, 145, 146], "excluded_lines": [], "functions": {"verificar_preco_pdv": {"executed_lines": [39, 40], "summary": {"covered_lines": 2, "num_statements": 2, "percent_covered": 100.0, "percent_covered_display": "100", "missing_lines": 0, "excluded_lines": 0, "percent_statements_covered": 100.0, "percent_statements_covered_display": "100"}, "missing_lines": [], "excluded_lines": [], "start_line": 31}, "criar_venda_pdv": {"executed_lines": [55, 56, 57, 67], "summary": {"covered_lines": 4, "num_statements": 4, "percent_covered": 100.0, "percent_covered_display": "100", "missing_lines": 0, "excluded_lines": 0, "percent_statements_covered": 100.0, "percent_statements_covered_display": "100"}, "missing_lines": [], "excluded_lines": [], "start_line": 48}, "buscar_venda_pdv": {"executed_lines": [79, 80, 82], "summary": {"covered_lines": 3, "num_statements": 4, "percent_covered": 75.0, "percent_covered_display": "75", "missing_lines": 1, "excluded_lines": 0, "percent_statements_covered": 75.0, "percent_statements_covered_display": "75"}, "missing_lines": [81], "excluded_lines": [], "start_line": 72}, "gerar_comprovante_venda": {"executed_lines": [94, 100, 103, 104, 105], "summary": {"covered_lines": 5, "num_statements": 6, "percent_covered": 83.33333333333333, "percent_covered_display": "83", "missing_lines": 1, "excluded_lines": 0, "percent_statements_covered": 83.33333333333333, "percent_statements_covered_display": "83"}, "missing_lines": [101], "excluded_lines": [], "start_line": 87}, "cancelar_venda_pdv": {"executed_lines": [121, 122, 123, 124, 126, 129, 131, 132, 142, 143, 148, 155], "summary": {"covered_lines": 12, "num_statements": 17, "percent_covered": 70.58823529411765, "percent_covered_display": "71", "missing_lines": 5, "excluded_lines": 0, "percent_statements_covered": 70.58823529411765, "percent_statements_covered_display": "71"}, "missing_lines": [125, 127, 144, 145, 146], "excluded_lines": [], "start_line": 114}, "": {"executed_lines": [1, 3, 4, 5, 7, 8, 9, 10, 11, 12, 13, 14, 15, 16, 22, 23, 25, 26, 29, 30, 31, 46, 47, 48, 70, 71, 72, 85, 86, 87, 112, 113, 114], "summary": {"covered_lines": 33, "num_statements": 33, "percent_covered": 100.0, "percent_covered_display": "100", "missing_lines": 0, "excluded_lines": 0, "percent_statements_covered": 100.0, "percent_statements_covered_display": "100"}, "missing_lines": [], "excluded_lines": [], "start_line": 1}}, "classes": {"": {"executed_lines": [1, 3, 4, 5, 7, 8, 9, 10, 11, 12, 13, 14, 15, 16, 22, 23, 25, 26, 29, 30, 31, 39, 40, 46, 47, 48, 55, 56, 57, 67, 70, 71, 72, 79, 80, 82, 85, 86, 87, 94, 100, 103, 104, 105, 112, 113, 114, 121, 122, 123, 124, 126, 129, 131, 132, 142, 143, 148, 155], "summary": {"covered_lines": 59, "num_statements": 66, "percent_covered": 89.39393939393939, "percent_covered_display": "89", "missing_lines": 7, "excluded_lines": 0, "percent_statements_covered": 89.39393939393939, "percent_statements_covered_display": "89"}, "missing_lines": [81, 101, 125, 127, 144, 145, 146], "excluded_lines": [], "start_line": 1}}}, "app\\api\\v1\\politica_desconto.py": {"executed_lines": [2, 3, 5, 6, 8, 9, 10, 11, 12, 13, 14, 15, 22, 23, 26, 27, 28, 36, 42, 48, 49, 50, 58, 59, 62, 68, 69, 70, 71, 72, 75, 76, 77, 86, 87, 90, 91, 92, 94, 95, 96, 99, 100, 101, 109, 110, 113, 114, 117, 118, 119, 127, 128, 131, 138, 139, 140, 141, 143], "summary": {"covered_lines": 59, "num_statements": 63, "percent_covered": 93.65079365079364, "percent_covered_display": "94", "missing_lines": 4, "excluded_lines": 0, "percent_statements_covered": 93.65079365079364, "percent_statements_covered_display": "94"}, "missing_lines": [60, 88, 111, 129], "excluded_lines": [], "functions": {"listar_faixas_produto": {"executed_lines": [36, 42], "summary":
[...]
, 29, 30, 31, 32, 33, 35, 36, 37, 38, 39, 40, 43, 44, 45, 46, 47, 48], "summary": {"covered_lines": 40, "num_statements": 40, "percent_covered": 100.0, "percent_covered_display": "100", "missing_lines": 0, "excluded_lines": 0, "percent_statements_covered": 100.0, "percent_statements_covered_display": "100"}, "missing_lines": [], "excluded_lines": [], "start_line": 1}}}, "app\\services\\__init__.py": {"executed_lines": [], "summary": {"covered_lines": 0, "num_statements": 0, "percent_covered": 100.0, "percent_covered_display": "100", "missing_lines": 0, "excluded_lines": 0, "percent_statements_covered": 100.0, "percent_statements_covered_display": "100"}, "missing_lines": [], "excluded_lines": [], "functions": {"": {"executed_lines": [], "summary": {"covered_lines": 0, "num_statements": 0, "percent_covered": 100.0, "percent_covered_display": "100", "missing_lines": 0, "excluded_lines": 0, "percent_statements_covered": 100.0, "percent_statements_covered_display": "100"}, "missing_lines": [], "excluded_lines": [], "start_line": 1}}, "classes": {"": {"executed_lines": [], "summary": {"covered_lines": 0, "num_statements": 0, "percent_covered": 100.0, "percent_covered_display": "100", "missing_lines": 0, "excluded_lines": 0, "percent_statements_covered": 100.0, "percent_statements_covered_display": "100"}, "missing_lines": [], "excluded_lines": [], "start_line": 1}}}, "app\\services\\caixa_service.py": {"executed_lines": [1, 3, 5, 11, 12, 15, 17, 20, 21, 22, 23, 27, 34, 35, 36, 37, 40, 41, 42, 43, 44, 45, 47, 48, 49, 50, 52, 53, 54, 57, 59, 60, 61, 62, 65, 66], "summary": {"covered_lines": 36, "num_statements": 37, "percent_covered": 97.29729729729729, "percent_covered_display": "97", "missing_lines": 1, "excluded_lines": 0, "percent_statements_covered": 97.29729729729729, "percent_statements_covered_display": "97"}, "missing_lines": [51], "excluded_lines": [], "functions": {"get_caixa_aberto": {"executed_lines": [17], "summary": {"covered_lines": 1, "num_statements": 1, "percent_covered": 100.0, "percent_covered_display": "100", "missing_lines": 0, "excluded_lines": 0, "percent_statements_covered": 100.0, "percent_statements_covered_display": "100"}, "missing_lines": [], "excluded_lines": [], "start_line": 15}, "abrir_caixa": {"executed_lines": [21, 22, 23, 27, 34, 35, 36, 37], "summary": {"covered_lines": 8, "num_statements": 8, "percent_covered": 100.0, "percent_covered_display": "100", "missing_lines": 0, "excluded_lines": 0, "percent_statements_covered": 100.0, "percent_statements_covered_display": "100"}, "missing_lines": [], "excluded_lines": [], "start_line": 20}, "fechar_caixa": {"executed_lines": [41, 42, 43, 44, 45, 47, 48, 49, 50, 52, 53, 54], "summary": {"covered_lines": 12, "num_statements": 13, "percent_covered": 92.3076923076923, "percent_covered_display": "92", "missing_lines": 1, "excluded_lines": 0, "percent_statements_covered": 92.3076923076923, "percent_statements_covered_display": "92"}, "missing_lines": [51], "excluded_lines": [], "start_line": 40}, "get_caixa_atual": {"executed_lines": [59, 60, 61, 62], "summary": {"covered_lines": 4, "num_statements": 4, "percent_covered": 100.0, "percent_covered_display": "100", "missing_lines": 0, "excluded_lines": 0, "percent_statements_covered": 100.0, "percent_statements_covered_display": "100"}, "missing_lines": [], "excluded_lines": [], "start_line": 57}, "listar_historico": {"executed_lines": [66], "summary": {"covered_lines": 1, "num_statements": 1, "percent_covered": 100.0, "percent_covered_display": "100", "missing_lines": 0, "excluded_lines": 0, "percent_statements_covered": 100.0, "percent_statements_covered_display": "100"}, "missing_lines": [], "excluded_lines": [], "start_line": 65}, "": {"executed_lines": [1, 3, 5, 11, 12, 15, 20, 40, 57, 65], "summary": {"covered_lines": 10, "num_statements": 10, "percent_covered": 100.0, "percent_covered_display": "100", "missing_lines": 0, "excluded_lines": 0, "percent_statements_covered": 100.0, "percent_statements_covered_display": "100"}, "missing_lines": [], "excluded_lines": [], "start_line": 1}}, "classes": {"": {"executed_lines": [1, 3, 5, 11, 12, 15, 17, 20, 21, 22, 23, 27, 34, 35, 36, 37, 40, 41, 42, 43, 44, 45, 47, 48, 49, 50, 52, 53, 54, 57, 59, 60, 61, 62, 65, 66], "summary": {"covered_lines": 36, "num_statements": 37, "percent_covered": 97.29729729729729, "percent_covered_display": "97", "missing_lines": 1, "excluded_lines": 0, "percent_statements_covered": 97.29729729729729, "percent_statements_covered_display": "97"}, "missing_lines": [51], "excluded_lines": [], "start_line": 1}}}, "app\\services\\configuracao_loja_service.py": {"executed_lines": [1, 3, 6, 7, 12, 13, 15, 16, 17, 18, 19], "summary": {"covered_lines": 11, "num_statements": 11, "percent_covered": 100.0, "percent_covered_display": "100", "missing_lines": 0, "excluded_lines": 0, "percent_statements_covered": 100.0, "percent_statements_covered_display": "100"}, "missing_lines": [], "excluded_lines": [], "functions": {"obter_configuracao_loja": {"executed_lines": [7, 12, 13, 15, 16, 17, 18, 19], "summary": {"covered_lines": 8, "num_statements": 8, "percent_covered": 100.0, "percent_covered_display": "100", "missing_lines": 0, "excluded_lines": 0, "percent_statements_covered": 100.0, "percent_statements_covered_display": "100"}, "missing_lines": [], "excluded_lines": [], "start_line": 6}, "": {"executed_lines": [1, 3, 6], "summary": {"covered_lines": 3, "num_statements": 3, "percent_covered": 100.0, "percent_covered_display": "100", "missing_lines": 0, "excluded_lines": 0, "percent_statements_covered": 100.0, "percent_statements_covered_display": "100"}, "missing_lines": [], "excluded_lines": [], "start_line": 1}}, "classes": {"": {"executed_lines": [1, 3, 6, 7, 12, 13, 15, 16, 17, 18, 19], "summary": {"covered_lines": 11, "num_statements": 11, "percent_covered": 100.0, "percent_covered_display": "100", "missing_lines": 0, "excluded_lines": 0, "percent_statements_covered": 100.0, "percent_statements_covered_display": "100"}, "missing_lines": [], "excluded_lines": [], "start_line": 1}}}, "app\\services\\pdf_service.py": {"executed_lines": [3, 4, 5, 6, 8, 9, 10, 11, 12, 13, 26, 27, 28, 29, 30, 31, 32, 33, 35, 36, 37, 38, 41, 42, 45, 46, 47, 48, 49, 59, 92, 94, 95, 96, 97, 98, 99, 113, 127, 129, 139, 144, 153, 161, 172, 179, 186, 194, 203, 208, 210, 223, 224, 230, 231, 236, 242, 244, 258, 259, 260, 273, 274, 279, 288, 298, 300, 302, 304, 307, 316, 317, 318, 319, 329, 331, 340, 341, 342, 354, 355, 366, 367, 369, 372, 396, 397, 399, 400, 401, 406, 407, 411, 412, 423, 424, 429, 430, 436, 437, 440, 442, 444, 454, 455, 463, 471, 477, 478, 480, 490, 491, 497, 498, 500, 508, 509, 514, 519, 520, 529, 530, 532, 533, 534, 543, 544, 545, 547, 549, 554, 567, 568, 570, 578, 579, 587, 588], "summary": {"covered_lines": 138, "num_statements": 159, "percent_covered": 86.79245283018868, "percent_covered_display": "87", "missing_lines": 21, "excluded_lines": 0, "percent_statements_covered": 86.79245283018868, "percent_statements_covered_display": "87"}, "missing_lines": [50, 51, 52, 53, 54, 55, 56, 61, 62, 78, 79, 89, 101, 515, 546, 571, 572, 573, 574, 575, 576], "excluded_lines": [], "functions": {"_money": {"executed_lines": [42], "summary": {"covered_lines": 1, "num_statements": 1, "percent_covered": 100.0, "percent_covered_display": "100", "missing_lines": 0, "excluded_lines": 0, "percent_statements_covered": 100.0, "percent_statements_covered_display": "100"}, "missing_lines": [], "excluded_lines": [], "start_line": 41}, "_fmt_date": {"executed_lines": [46, 47, 48, 49], "summary": {"covered_lines": 4, "num_statements": 11, "percent_covered": 36.36363636363637, "percent_covered_display": "36", "missing_lines": 7, "excluded_lines": 0, "percent_statements_covered": 36.36363636363637, "percent_statements_covered_display": "36"}, "missing_lines": [50, 51, 52, 53, 54, 55, 56], "excluded_lines": [], "start_line": 45}, "_header_block": {"executed_lines": [], "summary": {"covered_lines": 0, "num_statements": 5, "percent_covered": 0.0, "percent_covered_display": "0", "missing_lines": 5, "excluded_lines": 0, "percent_statements_covered": 0.0, "percent_statements_covered_display": "0"}, "missing_lines": [61, 62, 78, 79, 89], "excluded_lines": [], "start_line": 59}, "_build_header_logo": {"executed_lines": [94, 95, 96, 97, 98, 99], "summary": {"covered_lines": 6, "num_statements": 7, "percent_covered": 85.71428571428571, "percent_covered_display": "86", "missing_lines": 1, "excluded_lines": 0, "percent_statements_covered": 85.71428571428571, "percent_statements_covered_display": "86"}, "missing_lines": [101], "excluded_lines": [], "start_line": 92}, "gerar_pdf_orcamento": {"executed_lines": [127, 129, 139, 144, 153, 161, 172, 179, 186, 194, 203, 208, 210, 223, 224, 230, 231, 236, 242, 244, 258, 259, 260, 273, 274, 279, 288, 298, 300, 302, 304, 307, 316, 317, 318, 319, 329, 331, 340, 341, 342, 354, 355, 366, 367, 369, 372, 396, 397, 399, 400, 401, 406, 407, 411, 412, 423, 424, 429, 430, 436, 437], "summary": {"covered_lines": 62, "num_statements": 62, "percent_covered": 100.0, "percent_covered_display": "100", "missing_lines": 0, "excluded_lines": 0, "percent_statements_covered": 100.0, "percent_statements_covered_display": "100"}, "missing_lines": [], "excluded_lines": [], "start_line": 113}, "gerar_pdf_comprovante_venda": {"executed_lines": [442, 444, 454, 455, 463, 471, 477, 478, 480, 490, 491, 497, 498, 500, 508, 509, 514, 519, 520, 529, 530, 532, 533, 534, 543, 544, 545, 547, 549, 554, 567, 568, 570, 578, 579, 587, 588], "summary": {"covered_lines": 37, "num_statements": 45, "percent_covered": 82.22222222222223, "percent_covered_display": "82", "missing_lines": 8, "excluded_lines": 0, "percent_statements_covered": 82.22222222222223, "percent_statements_covered_display": "82"}, "missing_lines": [515, 546, 571, 572, 573, 574, 575, 576], "excluded_lines": [], "start_line": 440}, "": {"executed_lines": [3, 4, 5, 6, 8, 9, 10, 11, 12, 13, 26, 27, 28, 29, 30, 31, 32, 33, 35, 36, 37, 38, 41, 45, 59, 92, 113, 440], "summary": {"covered_lines": 28, "num_statements": 28, "percent_covered": 100.0, "percent_covered_display": "100", "missing_lines": 0, "excluded_lines": 0, "percent_statements_covered": 100.0, "percent_statements_covered_display": "100"}, "missing_lines": [], "excluded_lines": [], "start_line": 1}}, "classes": {"": {"executed_lines": [3, 4, 5, 6, 8, 9, 10, 11, 12, 13, 26, 27, 28, 29, 30, 31, 32, 33, 35, 36, 37, 38, 41, 42, 45, 46, 47, 48, 49, 59, 92, 94, 95, 96, 97, 98, 99, 113, 127, 129, 139, 144, 153, 161, 172, 179, 186, 194, 203, 208, 210, 223, 224, 230, 231, 236, 242, 244, 258, 259, 260, 273, 274, 279, 288, 298, 300, 302, 304, 307, 316, 317, 318, 319, 329, 331, 340, 341, 342, 354, 355, 366, 367, 369, 372, 396, 397, 399, 400, 401, 406, 407, 411, 412, 423, 424, 429, 430, 436, 437, 440, 442, 444, 454, 455, 463, 471, 477, 478, 480, 490, 491, 497, 498, 500, 508, 509, 514, 519, 520, 529, 530, 532, 533, 534, 543, 544, 545, 547, 549, 554, 567, 568, 570, 578, 579, 587, 588], "summary": {"covered_lines": 138, "num_statements": 159, "percent_covered": 86.79245283018868, "percent_covered_display": "87", "missing_lines": 21, "excluded_lines": 0, "percent_statements_covered": 86.79245283018868, "percent_statements_covered_display": "87"}, "missing_lines": [50, 51, 52, 53, 54, 55, 56, 61, 62, 78, 79, 89, 101, 515, 546, 571, 572, 573, 574, 575, 576], "excluded_lines": [], "start_line": 1}}}, "app\\services\\pdv_service.py": {"executed_lines": [1, 3, 4, 6, 7, 14, 15, 16, 17, 18, 19, 20, 21, 24, 26, 31, 32, 35, 37, 38, 39, 41, 42, 44, 45, 46, 51, 53, 54, 55, 57, 58, 59, 60, 61, 62, 63, 72, 79, 80, 90, 91, 97, 98, 99, 100, 101, 102, 103, 104, 114, 115, 116, 120, 121, 122, 123, 124, 126, 127, 130, 132, 146, 147, 149, 150, 151, 152, 154, 171, 181, 182, 183, 184, 199, 200, 201, 202, 204, 212, 218, 220, 221, 226, 227, 229, 230, 231, 232, 236, 237, 239, 240, 242, 246, 248, 249, 257], "summary": {"covered_lines": 98, "num_statements": 100, "percent_covered": 98.0, "percent_covered_display": "98", "missing_lines": 2, "excluded_lines": 0, "percent_statements_covered": 98.0, "percent_statements_covered_display": "98"}, "missing_lines": [128, 233], "excluded_lines": [], "functions": {"_calcular_preco_pdv": {"executed_lines": [26, 31, 32], "summary": {"covered_lines": 3, "num_statements": 3, "percent_covered": 100.0, "percent_covered_display": "100", "missing_lines": 0, "excluded_lines": 0, "percent_statements_covered": 100.0, "percent_statements_covered_display": "100"}, "missing_lines": [], "excluded_lines": [], "start_line": 24}, "registrar_venda": {"executed_lines": [37, 38, 39, 41, 42, 44, 45, 46, 51, 53, 54, 55, 57, 58, 59, 60, 61, 62, 63, 72, 79, 80, 90, 91, 97, 98, 99, 100, 101, 102, 103, 104, 114, 115, 116, 120, 121, 122, 123, 124, 126, 127, 130, 132, 146, 147, 149, 150, 151, 152, 154, 171, 181, 182, 183, 184, 199, 200, 201, 202, 204], "summary": {"covered_lines": 61, "num_statements": 62, "percent_covered": 98.38709677419355, "percent_covered_display": "98", "missing_lines": 1, "excluded_lines": 0, "percent_statements_covered": 98.38709677419355, "percent_statements_covered_display": "98"}, "missing_lines": [128], "excluded_lines": [], "start_line": 35}, "verificar_precos_minimos": {"executed_lines": [218, 220, 221, 226, 227, 229, 230, 231, 232, 236, 237, 239, 240, 242, 246, 248, 249, 257], "summary": {"covered_lines": 18, "num_statements": 19, "percent_covered": 94.73684210526316, "percent_covered_display": "95", "missing_lines": 1, "excluded_lines": 0, "percent_statements_covered": 94.73684210526316, "percent_statements_covered_display": "95"}, "missing_lines": [233], "excluded_lines": [], "start_line": 212}, "": {"executed_lines": [1, 3, 4, 6, 7, 14, 15, 16, 17, 18, 19, 20, 21, 24, 35, 212], "summary": {"covered_lines": 16, "num_statements": 16, "percent_covered": 100.0, "percent_covered_display": "100", "missing_lines": 0, "excluded_lines": 0, "percent_statements_covered": 100.0, "percent_statements_covered_display": "100"}, "missing_lines": [], "excluded_lines": [], "start_line": 1}}, "classes": {"": {"executed_lines": [1, 3, 4, 6, 7, 14, 15, 16, 17, 18, 19, 20, 21, 24, 26, 31, 32, 35, 37, 38, 39, 41, 42, 44, 45, 46, 51, 53, 54, 55, 57, 58, 59, 60, 61, 62, 63, 72, 79, 80, 90, 91, 97, 98, 99, 100, 101, 102, 103, 104, 114, 115, 116, 120, 121, 122, 123, 124, 126, 127, 130, 132, 146, 147, 149, 150, 151, 152, 154, 171, 181, 182, 183, 184, 199, 200, 201, 202, 204, 212, 218, 220, 221, 226, 227, 229, 230, 231, 232, 236, 237, 239, 240, 242, 246, 248, 249, 257], "summary": {"covered_lines": 98, "num_statements": 100, "percent_covered": 98.0, "percent_covered_display": "98", "missing_lines": 2, "excluded_lines": 0, "percent_statements_covered": 98.0, "percent_statements_covered_display": "98"}, "missing_lines": [128, 233], "excluded_lines": [], "start_line": 1}}}, "app\\services\\relatorios_pdf_service.py": {"executed_lines": [3, 4, 5, 7, 8, 9, 10, 11, 12, 14, 15, 16, 17, 18, 20, 21, 22, 23, 26, 27, 30, 31, 33, 34, 38, 39, 40, 41, 42, 43, 44, 58, 59, 60, 69, 70, 72, 80, 88, 89, 99, 105, 106, 107, 108, 110, 113, 114, 119, 120, 121, 123, 132, 133, 134, 135, 144, 145, 146, 147, 148, 149, 151, 160, 161, 169, 177, 185, 193, 202, 207, 220, 221, 222, 225, 226, 231, 232, 233, 235, 243, 244, 245, 253, 258, 271, 272, 273, 276, 277, 282, 283, 292, 300, 301, 311, 312, 313], "summary": {"covered_lines": 98, "num_statements": 101, "percent_covered": 97.02970297029702, "percent_covered_display": "97", "missing_lines": 3, "excluded_lines": 0, "percent_statements_covered": 97.02970297029702, "percent_statements_covered_display": "97"}, "missing_lines": [32, 35, 46], "excluded_lines": [], "functions": {"_money": {"executed_lines": [27], "summary": {"covered_lines": 1, "num_statements": 1, "percent_covered": 100.0, "percent_covered_display": "100", "missing_lines": 0, "excluded_lines": 0, "percent_statements_covered": 100.0, "percent_statements_covered_display": "100"}, "missing_lines": [], "excluded_lines": [], "start_line": 26}, "_fmt_date": {"executed_lines": [31, 33, 34], "summary": {"covered_lines": 3, "num_statements": 5, "percent_covered": 60.0, "percent_covered_display": "60", "missing_lines": 2, "excluded_lines": 0, "percent_statements_covered": 60.0, "percent_statements_covered_display": "60"}, "missing_lines": [32, 35], "excluded_lines": [], "start_line": 30}, "_build_logo": {"executed_lines": [39, 40, 41, 42, 43, 44], "summary": {"covered_lines": 6, "num_statements": 7, "percent_covered": 85.71428571428571, "percent_covered_display": "86", "missing_lines": 1, "excluded_lines": 0, "percent_statements_covered": 85.71428571428571, "percent_statements_covered_display": "86"}, "missing_lines": [46], "excluded_lines": [], "start_line": 38}, "_base_doc": {"executed_lines": [59, 60, 69, 70, 72, 80, 88, 89, 99, 105, 106, 107, 108, 110], "summary": {"covered_lines": 14, "num_statements": 14, "percent_covered": 100.0, "percent_covered_display": "100", "missing_lines": 0, "excluded_lines": 0, "percent_statements_covered": 100.0, "percent_statements_covered_display": "100"}, "missing_lines": [], "excluded_lines": [], "start_line": 58}, "gerar_pdf_relatorio_vendas": {"executed_lines": [114, 119, 120, 121, 123, 132, 133, 134, 135, 144, 145, 146, 147, 148, 149, 151, 160, 161, 169, 177, 185, 193, 202, 207, 220, 221, 222], "summary": {"covered_lines": 27, "num_statements": 27, "percent_covered": 100.0, "percent_covered_display": "100", "missing_lines": 0, "excluded_lines": 0, "percent_statements_covered": 100.0, "percent_statements_covered_display": "100"}, "missing_lines": [], "excluded_lines": [], "start_line": 113}, "gerar_pdf_relatorio_estoque_baixo": {"executed_lines": [226, 231, 232, 233, 235, 243, 244, 245, 253, 258, 271, 272, 273], "summary": {"covered_lines": 13, "num_statements": 13, "percent_covered": 100.0, "percent_covered_display": "100", "missing_lines": 0, "excluded_lines": 0, "percent_statements_covered": 100.0, "percent_statements_covered_display": "100"}, "missing_lines": [], "excluded_lines": [], "start_line": 225}, "gerar_pdf_relatorio_resumo_mes": {"executed_lines": [277, 282, 283, 292, 300, 301, 311, 312, 313], "summary": {"covered_lines": 9, "num_statements": 9, "percent_covered": 100.0, "percent_covered_display": "100", "missing_lines": 0, "excluded_lines": 0, "percent_statements_covered": 100.0, "percent_statements_covered_display": "100"}, "missing_lines": [], "excluded_lines": [], "start_line": 276}, "": {"executed_lines": [3, 4, 5, 7, 8, 9, 10, 11, 12, 14, 15, 16, 17, 18, 20, 21, 22, 23, 26, 30, 38, 58, 113, 225, 276], "summary": {"covered_lines": 25, "num_statements": 25, "percent_covered": 100.0, "percent_covered_display": "100", "missing_lines": 0, "excluded_lines": 0, "percent_statements_covered": 100.0, "percent_statements_covered_display": "100"}, "missing_lines": [], "excluded_lines": [], "start_line": 1}}, "classes": {"": {"executed_lines": [3, 4, 5, 7, 8, 9, 10, 11, 12, 14, 15, 16, 17, 18, 20, 21, 22, 23, 26, 27, 30, 31, 33, 34, 38, 39, 40, 41, 42, 43, 44, 58, 59, 60, 69, 70, 72, 80, 88, 89, 99, 105, 106, 107, 108, 110, 113, 114, 119, 120, 121, 123, 132, 133, 134, 135, 144, 145, 146, 147, 148, 149, 151, 160, 161, 169, 177, 185, 193, 202, 207, 220, 221, 222, 225, 226, 231, 232, 233, 235, 243, 244, 245, 253, 258, 271, 272, 273, 276, 277, 282, 283, 292, 300, 301, 311, 312, 313], "summary": {"covered_lines": 98, "num_statements": 101, "percent_covered": 97.02970297029702, "percent_covered_display": "97", "missing_lines": 3, "excluded_lines": 0, "percent_statements_covered": 97.02970297029702, "percent_statements_covered_display": "97"}, "missing_lines": [32, 35, 46], "excluded_lines": [], "start_line": 1}}}}, "totals": {"covered_lines": 4119, "num_statements": 4689, "percent_covered": 87.84388995521434, "percent_covered_display": "88", "missing_lines": 570, "excluded_lines": 0, "percent_statements_covered": 87.84388995521434, "percent_statements_covered_display": "88"}}